{"/home/marta/bootcamp/collab/skylab-bootcamp-201909/staff/marta-penya/wishare/wishare-api/logic/add-friend/index.spec.js":{"path":"/home/marta/bootcamp/collab/skylab-bootcamp-201909/staff/marta-penya/wishare/wishare-api/logic/add-friend/index.spec.js","statementMap":{"0":{"start":{"line":1,"column":0},"end":{"line":1,"column":26}},"1":{"start":{"line":2,"column":33},"end":{"line":2,"column":40}},"2":{"start":{"line":3,"column":19},"end":{"line":3,"column":34}},"3":{"start":{"line":4,"column":19},"end":{"line":4,"column":23}},"4":{"start":{"line":5,"column":18},"end":{"line":5,"column":30}},"5":{"start":{"line":6,"column":67},"end":{"line":6,"column":90}},"6":{"start":{"line":7,"column":55},"end":{"line":7,"column":78}},"7":{"start":{"line":8,"column":15},"end":{"line":8,"column":34}},"8":{"start":{"line":10,"column":0},"end":{"line":141,"column":2}},"9":{"start":{"line":11,"column":4},"end":{"line":11,"column":47}},"10":{"start":{"line":11,"column":17},"end":{"line":11,"column":46}},"11":{"start":{"line":15,"column":4},"end":{"line":48,"column":6}},"12":{"start":{"line":16,"column":8},"end":{"line":16,"column":33}},"13":{"start":{"line":17,"column":8},"end":{"line":17,"column":39}},"14":{"start":{"line":18,"column":8},"end":{"line":18,"column":44}},"15":{"start":{"line":19,"column":8},"end":{"line":19,"column":41}},"16":{"start":{"line":20,"column":8},"end":{"line":20,"column":41}},"17":{"start":{"line":21,"column":8},"end":{"line":21,"column":21}},"18":{"start":{"line":22,"column":8},"end":{"line":22,"column":19}},"19":{"start":{"line":23,"column":8},"end":{"line":23,"column":18}},"20":{"start":{"line":24,"column":8},"end":{"line":24,"column":34}},"21":{"start":{"line":25,"column":8},"end":{"line":25,"column":61}},"22":{"start":{"line":27,"column":8},"end":{"line":27,"column":34}},"23":{"start":{"line":28,"column":8},"end":{"line":28,"column":40}},"24":{"start":{"line":29,"column":8},"end":{"line":29,"column":45}},"25":{"start":{"line":30,"column":8},"end":{"line":30,"column":42}},"26":{"start":{"line":31,"column":8},"end":{"line":31,"column":42}},"27":{"start":{"line":32,"column":8},"end":{"line":32,"column":22}},"28":{"start":{"line":33,"column":8},"end":{"line":33,"column":20}},"29":{"start":{"line":34,"column":8},"end":{"line":34,"column":19}},"30":{"start":{"line":35,"column":8},"end":{"line":35,"column":35}},"31":{"start":{"line":36,"column":8},"end":{"line":36,"column":65}},"32":{"start":{"line":38,"column":8},"end":{"line":38,"column":65}},"33":{"start":{"line":40,"column":21},"end":{"line":40,"column":117}},"34":{"start":{"line":41,"column":23},"end":{"line":41,"column":155}},"35":{"start":{"line":43,"column":8},"end":{"line":43,"column":20}},"36":{"start":{"line":45,"column":8},"end":{"line":45,"column":28}},"37":{"start":{"line":47,"column":8},"end":{"line":47,"column":46}},"38":{"start":{"line":50,"column":4},"end":{"line":70,"column":6}},"39":{"start":{"line":51,"column":25},"end":{"line":51,"column":54}},"40":{"start":{"line":53,"column":8},"end":{"line":53,"column":40}},"41":{"start":{"line":55,"column":22},"end":{"line":55,"column":45}},"42":{"start":{"line":57,"column":24},"end":{"line":57,"column":88}},"43":{"start":{"line":57,"column":53},"end":{"line":57,"column":87}},"44":{"start":{"line":59,"column":8},"end":{"line":59,"column":32}},"45":{"start":{"line":61,"column":8},"end":{"line":61,"column":64}},"46":{"start":{"line":63,"column":8},"end":{"line":63,"column":38}},"47":{"start":{"line":64,"column":8},"end":{"line":64,"column":59}},"48":{"start":{"line":66,"column":22},"end":{"line":66,"column":65}},"49":{"start":{"line":68,"column":8},"end":{"line":68,"column":48}},"50":{"start":{"line":72,"column":4},"end":{"line":84,"column":6}},"51":{"start":{"line":73,"column":8},"end":{"line":83,"column":9}},"52":{"start":{"line":74,"column":22},"end":{"line":74,"column":45}},"53":{"start":{"line":75,"column":8},"end":{"line":75,"column":46}},"54":{"start":{"line":77,"column":8},"end":{"line":77,"column":37}},"55":{"start":{"line":79,"column":12},"end":{"line":79,"column":34}},"56":{"start":{"line":80,"column":12},"end":{"line":80,"column":60}},"57":{"start":{"line":81,"column":12},"end":{"line":81,"column":89}},"58":{"start":{"line":86,"column":4},"end":{"line":98,"column":6}},"59":{"start":{"line":87,"column":19},"end":{"line":87,"column":45}},"60":{"start":{"line":89,"column":8},"end":{"line":97,"column":9}},"61":{"start":{"line":90,"column":12},"end":{"line":90,"column":41}},"62":{"start":{"line":92,"column":12},"end":{"line":92,"column":54}},"63":{"start":{"line":94,"column":12},"end":{"line":94,"column":34}},"64":{"start":{"line":95,"column":12},"end":{"line":95,"column":60}},"65":{"start":{"line":96,"column":12},"end":{"line":96,"column":74}},"66":{"start":{"line":99,"column":4},"end":{"line":111,"column":6}},"67":{"start":{"line":100,"column":25},"end":{"line":100,"column":51}},"68":{"start":{"line":102,"column":8},"end":{"line":110,"column":9}},"69":{"start":{"line":103,"column":12},"end":{"line":103,"column":41}},"70":{"start":{"line":105,"column":12},"end":{"line":105,"column":54}},"71":{"start":{"line":107,"column":12},"end":{"line":107,"column":34}},"72":{"start":{"line":108,"column":12},"end":{"line":108,"column":60}},"73":{"start":{"line":109,"column":12},"end":{"line":109,"column":80}},"74":{"start":{"line":113,"column":4},"end":{"line":138,"column":6}},"75":{"start":{"line":114,"column":24},"end":{"line":114,"column":33}},"76":{"start":{"line":116,"column":8},"end":{"line":116,"column":75}},"77":{"start":{"line":116,"column":21},"end":{"line":116,"column":33}},"78":{"start":{"line":117,"column":8},"end":{"line":117,"column":81}},"79":{"start":{"line":117,"column":21},"end":{"line":117,"column":36}},"80":{"start":{"line":118,"column":8},"end":{"line":118,"column":75}},"81":{"start":{"line":118,"column":21},"end":{"line":118,"column":34}},"82":{"start":{"line":119,"column":8},"end":{"line":119,"column":90}},"83":{"start":{"line":119,"column":21},"end":{"line":119,"column":34}},"84":{"start":{"line":120,"column":8},"end":{"line":120,"column":91}},"85":{"start":{"line":120,"column":21},"end":{"line":120,"column":41}},"86":{"start":{"line":121,"column":8},"end":{"line":121,"column":81}},"87":{"start":{"line":121,"column":21},"end":{"line":121,"column":36}},"88":{"start":{"line":123,"column":8},"end":{"line":123,"column":82}},"89":{"start":{"line":123,"column":21},"end":{"line":123,"column":34}},"90":{"start":{"line":124,"column":8},"end":{"line":124,"column":87}},"91":{"start":{"line":124,"column":21},"end":{"line":124,"column":39}},"92":{"start":{"line":125,"column":8},"end":{"line":125,"column":96}},"93":{"start":{"line":125,"column":21},"end":{"line":125,"column":39}},"94":{"start":{"line":127,"column":8},"end":{"line":127,"column":79}},"95":{"start":{"line":127,"column":21},"end":{"line":127,"column":37}},"96":{"start":{"line":128,"column":8},"end":{"line":128,"column":85}},"97":{"start":{"line":128,"column":21},"end":{"line":128,"column":40}},"98":{"start":{"line":129,"column":8},"end":{"line":129,"column":79}},"99":{"start":{"line":129,"column":21},"end":{"line":129,"column":38}},"100":{"start":{"line":130,"column":8},"end":{"line":130,"column":94}},"101":{"start":{"line":130,"column":21},"end":{"line":130,"column":38}},"102":{"start":{"line":131,"column":8},"end":{"line":131,"column":95}},"103":{"start":{"line":131,"column":21},"end":{"line":131,"column":45}},"104":{"start":{"line":132,"column":8},"end":{"line":132,"column":85}},"105":{"start":{"line":132,"column":21},"end":{"line":132,"column":40}},"106":{"start":{"line":134,"column":8},"end":{"line":134,"column":92}},"107":{"start":{"line":134,"column":21},"end":{"line":134,"column":38}},"108":{"start":{"line":135,"column":8},"end":{"line":135,"column":97}},"109":{"start":{"line":135,"column":21},"end":{"line":135,"column":43}},"110":{"start":{"line":136,"column":8},"end":{"line":136,"column":100}},"111":{"start":{"line":136,"column":21},"end":{"line":136,"column":43}},"112":{"start":{"line":140,"column":4},"end":{"line":140,"column":94}},"113":{"start":{"line":140,"column":16},"end":{"line":140,"column":93}}},"fnMap":{"0":{"name":"(anonymous_0)","decl":{"start":{"line":10,"column":31},"end":{"line":10,"column":32}},"loc":{"start":{"line":10,"column":37},"end":{"line":141,"column":1}},"line":10},"1":{"name":"(anonymous_1)","decl":{"start":{"line":11,"column":11},"end":{"line":11,"column":12}},"loc":{"start":{"line":11,"column":17},"end":{"line":11,"column":46}},"line":11},"2":{"name":"(anonymous_2)","decl":{"start":{"line":15,"column":15},"end":{"line":15,"column":16}},"loc":{"start":{"line":15,"column":27},"end":{"line":48,"column":5}},"line":15},"3":{"name":"(anonymous_3)","decl":{"start":{"line":50,"column":50},"end":{"line":50,"column":51}},"loc":{"start":{"line":50,"column":62},"end":{"line":70,"column":5}},"line":50},"4":{"name":"(anonymous_4)","decl":{"start":{"line":57,"column":43},"end":{"line":57,"column":44}},"loc":{"start":{"line":57,"column":53},"end":{"line":57,"column":87}},"line":57},"5":{"name":"(anonymous_5)","decl":{"start":{"line":72,"column":68},"end":{"line":72,"column":69}},"loc":{"start":{"line":72,"column":80},"end":{"line":84,"column":5}},"line":72},"6":{"name":"(anonymous_6)","decl":{"start":{"line":86,"column":39},"end":{"line":86,"column":40}},"loc":{"start":{"line":86,"column":51},"end":{"line":98,"column":5}},"line":86},"7":{"name":"(anonymous_7)","decl":{"start":{"line":99,"column":42},"end":{"line":99,"column":43}},"loc":{"start":{"line":99,"column":54},"end":{"line":111,"column":5}},"line":99},"8":{"name":"(anonymous_8)","decl":{"start":{"line":113,"column":56},"end":{"line":113,"column":57}},"loc":{"start":{"line":113,"column":62},"end":{"line":138,"column":5}},"line":113},"9":{"name":"(anonymous_9)","decl":{"start":{"line":116,"column":15},"end":{"line":116,"column":16}},"loc":{"start":{"line":116,"column":21},"end":{"line":116,"column":33}},"line":116},"10":{"name":"(anonymous_10)","decl":{"start":{"line":117,"column":15},"end":{"line":117,"column":16}},"loc":{"start":{"line":117,"column":21},"end":{"line":117,"column":36}},"line":117},"11":{"name":"(anonymous_11)","decl":{"start":{"line":118,"column":15},"end":{"line":118,"column":16}},"loc":{"start":{"line":118,"column":21},"end":{"line":118,"column":34}},"line":118},"12":{"name":"(anonymous_12)","decl":{"start":{"line":119,"column":15},"end":{"line":119,"column":16}},"loc":{"start":{"line":119,"column":21},"end":{"line":119,"column":34}},"line":119},"13":{"name":"(anonymous_13)","decl":{"start":{"line":120,"column":15},"end":{"line":120,"column":16}},"loc":{"start":{"line":120,"column":21},"end":{"line":120,"column":41}},"line":120},"14":{"name":"(anonymous_14)","decl":{"start":{"line":121,"column":15},"end":{"line":121,"column":16}},"loc":{"start":{"line":121,"column":21},"end":{"line":121,"column":36}},"line":121},"15":{"name":"(anonymous_15)","decl":{"start":{"line":123,"column":15},"end":{"line":123,"column":16}},"loc":{"start":{"line":123,"column":21},"end":{"line":123,"column":34}},"line":123},"16":{"name":"(anonymous_16)","decl":{"start":{"line":124,"column":15},"end":{"line":124,"column":16}},"loc":{"start":{"line":124,"column":21},"end":{"line":124,"column":39}},"line":124},"17":{"name":"(anonymous_17)","decl":{"start":{"line":125,"column":15},"end":{"line":125,"column":16}},"loc":{"start":{"line":125,"column":21},"end":{"line":125,"column":39}},"line":125},"18":{"name":"(anonymous_18)","decl":{"start":{"line":127,"column":15},"end":{"line":127,"column":16}},"loc":{"start":{"line":127,"column":21},"end":{"line":127,"column":37}},"line":127},"19":{"name":"(anonymous_19)","decl":{"start":{"line":128,"column":15},"end":{"line":128,"column":16}},"loc":{"start":{"line":128,"column":21},"end":{"line":128,"column":40}},"line":128},"20":{"name":"(anonymous_20)","decl":{"start":{"line":129,"column":15},"end":{"line":129,"column":16}},"loc":{"start":{"line":129,"column":21},"end":{"line":129,"column":38}},"line":129},"21":{"name":"(anonymous_21)","decl":{"start":{"line":130,"column":15},"end":{"line":130,"column":16}},"loc":{"start":{"line":130,"column":21},"end":{"line":130,"column":38}},"line":130},"22":{"name":"(anonymous_22)","decl":{"start":{"line":131,"column":15},"end":{"line":131,"column":16}},"loc":{"start":{"line":131,"column":21},"end":{"line":131,"column":45}},"line":131},"23":{"name":"(anonymous_23)","decl":{"start":{"line":132,"column":15},"end":{"line":132,"column":16}},"loc":{"start":{"line":132,"column":21},"end":{"line":132,"column":40}},"line":132},"24":{"name":"(anonymous_24)","decl":{"start":{"line":134,"column":15},"end":{"line":134,"column":16}},"loc":{"start":{"line":134,"column":21},"end":{"line":134,"column":38}},"line":134},"25":{"name":"(anonymous_25)","decl":{"start":{"line":135,"column":15},"end":{"line":135,"column":16}},"loc":{"start":{"line":135,"column":21},"end":{"line":135,"column":43}},"line":135},"26":{"name":"(anonymous_26)","decl":{"start":{"line":136,"column":15},"end":{"line":136,"column":16}},"loc":{"start":{"line":136,"column":21},"end":{"line":136,"column":43}},"line":136},"27":{"name":"(anonymous_27)","decl":{"start":{"line":140,"column":10},"end":{"line":140,"column":11}},"loc":{"start":{"line":140,"column":16},"end":{"line":140,"column":93}},"line":140}},"branchMap":{},"s":{"0":1,"1":1,"2":1,"3":1,"4":1,"5":1,"6":1,"7":1,"8":1,"9":1,"10":1,"11":1,"12":5,"13":5,"14":5,"15":5,"16":5,"17":5,"18":5,"19":5,"20":5,"21":5,"22":5,"23":5,"24":5,"25":5,"26":5,"27":5,"28":5,"29":5,"30":5,"31":5,"32":5,"33":5,"34":5,"35":5,"36":5,"37":5,"38":1,"39":1,"40":1,"41":1,"42":1,"43":1,"44":1,"45":1,"46":1,"47":1,"48":1,"49":1,"50":1,"51":1,"52":1,"53":1,"54":1,"55":0,"56":0,"57":0,"58":1,"59":1,"60":1,"61":1,"62":0,"63":1,"64":1,"65":1,"66":1,"67":1,"68":1,"69":1,"70":0,"71":1,"72":1,"73":1,"74":1,"75":1,"76":1,"77":1,"78":1,"79":1,"80":1,"81":1,"82":1,"83":1,"84":1,"85":1,"86":1,"87":1,"88":1,"89":1,"90":1,"91":1,"92":1,"93":1,"94":1,"95":1,"96":1,"97":1,"98":1,"99":1,"100":1,"101":1,"102":1,"103":1,"104":1,"105":1,"106":1,"107":1,"108":1,"109":1,"110":1,"111":1,"112":1,"113":1},"f":{"0":1,"1":1,"2":5,"3":1,"4":1,"5":1,"6":1,"7":1,"8":1,"9":1,"10":1,"11":1,"12":1,"13":1,"14":1,"15":1,"16":1,"17":1,"18":1,"19":1,"20":1,"21":1,"22":1,"23":1,"24":1,"25":1,"26":1,"27":1},"b":{},"_coverageSchema":"43e27e138ebf9cfc5966b082cf9a028302ed4184","hash":"71333f45f7206abb645886b07ad0913cfaf7afee","contentHash":"35d9906ca7de364bcd5a55c7d2440ed7bc03b9582a7a5e48abeba869fa6c4531"},"/home/marta/bootcamp/collab/skylab-bootcamp-201909/staff/marta-penya/wishare/wishare-api/logic/add-friend/index.js":{"path":"/home/marta/bootcamp/collab/skylab-bootcamp-201909/staff/marta-penya/wishare/wishare-api/logic/add-friend/index.js","statementMap":{"0":{"start":{"line":1,"column":45},"end":{"line":1,"column":68}},"1":{"start":{"line":2,"column":79},"end":{"line":2,"column":102}},"2":{"start":{"line":12,"column":0},"end":{"line":49,"column":1}},"3":{"start":{"line":13,"column":4},"end":{"line":13,"column":23}},"4":{"start":{"line":14,"column":4},"end":{"line":14,"column":37}},"5":{"start":{"line":15,"column":4},"end":{"line":15,"column":80}},"6":{"start":{"line":15,"column":31},"end":{"line":15,"column":80}},"7":{"start":{"line":17,"column":4},"end":{"line":17,"column":29}},"8":{"start":{"line":18,"column":4},"end":{"line":18,"column":49}},"9":{"start":{"line":19,"column":4},"end":{"line":19,"column":92}},"10":{"start":{"line":19,"column":37},"end":{"line":19,"column":92}},"11":{"start":{"line":21,"column":4},"end":{"line":48,"column":8}},"12":{"start":{"line":23,"column":21},"end":{"line":23,"column":44}},"13":{"start":{"line":24,"column":8},"end":{"line":24,"column":74}},"14":{"start":{"line":24,"column":19},"end":{"line":24,"column":74}},"15":{"start":{"line":26,"column":22},"end":{"line":26,"column":51}},"16":{"start":{"line":27,"column":8},"end":{"line":27,"column":81}},"17":{"start":{"line":27,"column":20},"end":{"line":27,"column":81}},"18":{"start":{"line":30,"column":23},"end":{"line":30,"column":64}},"19":{"start":{"line":32,"column":8},"end":{"line":32,"column":66}},"20":{"start":{"line":32,"column":19},"end":{"line":32,"column":66}},"21":{"start":{"line":34,"column":31},"end":{"line":34,"column":45}},"22":{"start":{"line":36,"column":8},"end":{"line":36,"column":46}},"23":{"start":{"line":38,"column":8},"end":{"line":38,"column":88}},"24":{"start":{"line":40,"column":8},"end":{"line":40,"column":25}},"25":{"start":{"line":42,"column":21},"end":{"line":42,"column":64}},"26":{"start":{"line":44,"column":8},"end":{"line":44,"column":44}},"27":{"start":{"line":46,"column":8},"end":{"line":46,"column":25}}},"fnMap":{"0":{"name":"(anonymous_0)","decl":{"start":{"line":12,"column":17},"end":{"line":12,"column":18}},"loc":{"start":{"line":12,"column":35},"end":{"line":49,"column":1}},"line":12},"1":{"name":"(anonymous_1)","decl":{"start":{"line":21,"column":13},"end":{"line":21,"column":14}},"loc":{"start":{"line":21,"column":24},"end":{"line":48,"column":5}},"line":21}},"branchMap":{"0":{"loc":{"start":{"line":15,"column":4},"end":{"line":15,"column":80}},"type":"if","locations":[{"start":{"line":15,"column":4},"end":{"line":15,"column":80}},{"start":{"line":15,"column":4},"end":{"line":15,"column":80}}],"line":15},"1":{"loc":{"start":{"line":19,"column":4},"end":{"line":19,"column":92}},"type":"if","locations":[{"start":{"line":19,"column":4},"end":{"line":19,"column":92}},{"start":{"line":19,"column":4},"end":{"line":19,"column":92}}],"line":19},"2":{"loc":{"start":{"line":24,"column":8},"end":{"line":24,"column":74}},"type":"if","locations":[{"start":{"line":24,"column":8},"end":{"line":24,"column":74}},{"start":{"line":24,"column":8},"end":{"line":24,"column":74}}],"line":24},"3":{"loc":{"start":{"line":27,"column":8},"end":{"line":27,"column":81}},"type":"if","locations":[{"start":{"line":27,"column":8},"end":{"line":27,"column":81}},{"start":{"line":27,"column":8},"end":{"line":27,"column":81}}],"line":27},"4":{"loc":{"start":{"line":32,"column":8},"end":{"line":32,"column":66}},"type":"if","locations":[{"start":{"line":32,"column":8},"end":{"line":32,"column":66}},{"start":{"line":32,"column":8},"end":{"line":32,"column":66}}],"line":32}},"s":{"0":1,"1":1,"2":1,"3":22,"4":16,"5":14,"6":1,"7":13,"8":7,"9":5,"10":1,"11":4,"12":4,"13":4,"14":1,"15":3,"16":3,"17":1,"18":2,"19":2,"20":0,"21":2,"22":2,"23":2,"24":2,"25":2,"26":2,"27":2},"f":{"0":22,"1":4},"b":{"0":[1,13],"1":[1,4],"2":[1,3],"3":[1,2],"4":[0,2]},"_coverageSchema":"43e27e138ebf9cfc5966b082cf9a028302ed4184","hash":"513c30c676b188c74bd8fd22007ae1f56b52d514","contentHash":"a1b378b45098fe49f3a046f9f2cb66a2ca23def71bf36af6bda3658e7e83db60"},"/home/marta/bootcamp/collab/skylab-bootcamp-201909/staff/marta-penya/wishare/wishare-api/logic/authenticate-user/index.spec.js":{"path":"/home/marta/bootcamp/collab/skylab-bootcamp-201909/staff/marta-penya/wishare/wishare-api/logic/authenticate-user/index.spec.js","statementMap":{"0":{"start":{"line":1,"column":0},"end":{"line":1,"column":26}},"1":{"start":{"line":2,"column":33},"end":{"line":2,"column":40}},"2":{"start":{"line":3,"column":19},"end":{"line":3,"column":34}},"3":{"start":{"line":4,"column":25},"end":{"line":4,"column":37}},"4":{"start":{"line":5,"column":19},"end":{"line":5,"column":23}},"5":{"start":{"line":6,"column":55},"end":{"line":6,"column":78}},"6":{"start":{"line":7,"column":39},"end":{"line":7,"column":62}},"7":{"start":{"line":8,"column":15},"end":{"line":8,"column":34}},"8":{"start":{"line":10,"column":0},"end":{"line":105,"column":2}},"9":{"start":{"line":11,"column":4},"end":{"line":11,"column":47}},"10":{"start":{"line":11,"column":17},"end":{"line":11,"column":46}},"11":{"start":{"line":15,"column":4},"end":{"line":34,"column":6}},"12":{"start":{"line":16,"column":8},"end":{"line":16,"column":33}},"13":{"start":{"line":17,"column":8},"end":{"line":17,"column":39}},"14":{"start":{"line":18,"column":8},"end":{"line":18,"column":44}},"15":{"start":{"line":19,"column":8},"end":{"line":19,"column":41}},"16":{"start":{"line":20,"column":8},"end":{"line":20,"column":41}},"17":{"start":{"line":21,"column":8},"end":{"line":21,"column":19}},"18":{"start":{"line":22,"column":8},"end":{"line":22,"column":17}},"19":{"start":{"line":23,"column":8},"end":{"line":23,"column":16}},"20":{"start":{"line":24,"column":8},"end":{"line":24,"column":34}},"21":{"start":{"line":27,"column":8},"end":{"line":27,"column":54}},"22":{"start":{"line":29,"column":8},"end":{"line":29,"column":31}},"23":{"start":{"line":31,"column":21},"end":{"line":31,"column":117}},"24":{"start":{"line":33,"column":8},"end":{"line":33,"column":20}},"25":{"start":{"line":36,"column":4},"end":{"line":44,"column":6}},"26":{"start":{"line":37,"column":23},"end":{"line":37,"column":62}},"27":{"start":{"line":39,"column":8},"end":{"line":39,"column":31}},"28":{"start":{"line":40,"column":8},"end":{"line":40,"column":48}},"29":{"start":{"line":41,"column":8},"end":{"line":41,"column":50}},"30":{"start":{"line":43,"column":8},"end":{"line":43,"column":35}},"31":{"start":{"line":46,"column":4},"end":{"line":78,"column":6}},"32":{"start":{"line":47,"column":8},"end":{"line":61,"column":10}},"33":{"start":{"line":48,"column":26},"end":{"line":48,"column":33}},"34":{"start":{"line":50,"column":12},"end":{"line":60,"column":13}},"35":{"start":{"line":51,"column":16},"end":{"line":51,"column":55}},"36":{"start":{"line":53,"column":16},"end":{"line":53,"column":62}},"37":{"start":{"line":55,"column":16},"end":{"line":55,"column":38}},"38":{"start":{"line":56,"column":16},"end":{"line":56,"column":67}},"39":{"start":{"line":58,"column":36},"end":{"line":58,"column":41}},"40":{"start":{"line":59,"column":16},"end":{"line":59,"column":56}},"41":{"start":{"line":63,"column":8},"end":{"line":77,"column":10}},"42":{"start":{"line":64,"column":29},"end":{"line":64,"column":36}},"43":{"start":{"line":66,"column":12},"end":{"line":76,"column":13}},"44":{"start":{"line":67,"column":16},"end":{"line":67,"column":55}},"45":{"start":{"line":69,"column":16},"end":{"line":69,"column":62}},"46":{"start":{"line":71,"column":16},"end":{"line":71,"column":38}},"47":{"start":{"line":72,"column":16},"end":{"line":72,"column":67}},"48":{"start":{"line":74,"column":36},"end":{"line":74,"column":41}},"49":{"start":{"line":75,"column":16},"end":{"line":75,"column":58}},"50":{"start":{"line":80,"column":4},"end":{"line":100,"column":6}},"51":{"start":{"line":81,"column":8},"end":{"line":81,"column":82}},"52":{"start":{"line":81,"column":21},"end":{"line":81,"column":40}},"53":{"start":{"line":82,"column":8},"end":{"line":82,"column":88}},"54":{"start":{"line":82,"column":21},"end":{"line":82,"column":43}},"55":{"start":{"line":83,"column":8},"end":{"line":83,"column":82}},"56":{"start":{"line":83,"column":21},"end":{"line":83,"column":41}},"57":{"start":{"line":84,"column":8},"end":{"line":84,"column":97}},"58":{"start":{"line":84,"column":21},"end":{"line":84,"column":41}},"59":{"start":{"line":85,"column":8},"end":{"line":85,"column":98}},"60":{"start":{"line":85,"column":21},"end":{"line":85,"column":48}},"61":{"start":{"line":86,"column":8},"end":{"line":86,"column":88}},"62":{"start":{"line":86,"column":21},"end":{"line":86,"column":43}},"63":{"start":{"line":88,"column":8},"end":{"line":88,"column":92}},"64":{"start":{"line":88,"column":21},"end":{"line":88,"column":41}},"65":{"start":{"line":89,"column":8},"end":{"line":89,"column":97}},"66":{"start":{"line":89,"column":21},"end":{"line":89,"column":46}},"67":{"start":{"line":91,"column":8},"end":{"line":91,"column":89}},"68":{"start":{"line":91,"column":21},"end":{"line":91,"column":47}},"69":{"start":{"line":92,"column":8},"end":{"line":92,"column":95}},"70":{"start":{"line":92,"column":21},"end":{"line":92,"column":50}},"71":{"start":{"line":93,"column":8},"end":{"line":93,"column":89}},"72":{"start":{"line":93,"column":21},"end":{"line":93,"column":48}},"73":{"start":{"line":94,"column":8},"end":{"line":94,"column":104}},"74":{"start":{"line":94,"column":21},"end":{"line":94,"column":48}},"75":{"start":{"line":95,"column":8},"end":{"line":95,"column":105}},"76":{"start":{"line":95,"column":21},"end":{"line":95,"column":55}},"77":{"start":{"line":96,"column":8},"end":{"line":96,"column":95}},"78":{"start":{"line":96,"column":21},"end":{"line":96,"column":50}},"79":{"start":{"line":98,"column":8},"end":{"line":98,"column":102}},"80":{"start":{"line":98,"column":21},"end":{"line":98,"column":48}},"81":{"start":{"line":99,"column":8},"end":{"line":99,"column":107}},"82":{"start":{"line":99,"column":21},"end":{"line":99,"column":53}},"83":{"start":{"line":104,"column":4},"end":{"line":104,"column":60}},"84":{"start":{"line":104,"column":16},"end":{"line":104,"column":59}}},"fnMap":{"0":{"name":"(anonymous_0)","decl":{"start":{"line":10,"column":38},"end":{"line":10,"column":39}},"loc":{"start":{"line":10,"column":44},"end":{"line":105,"column":1}},"line":10},"1":{"name":"(anonymous_1)","decl":{"start":{"line":11,"column":11},"end":{"line":11,"column":12}},"loc":{"start":{"line":11,"column":17},"end":{"line":11,"column":46}},"line":11},"2":{"name":"(anonymous_2)","decl":{"start":{"line":15,"column":15},"end":{"line":15,"column":16}},"loc":{"start":{"line":15,"column":27},"end":{"line":34,"column":5}},"line":15},"3":{"name":"(anonymous_3)","decl":{"start":{"line":36,"column":48},"end":{"line":36,"column":49}},"loc":{"start":{"line":36,"column":60},"end":{"line":44,"column":5}},"line":36},"4":{"name":"(anonymous_4)","decl":{"start":{"line":46,"column":39},"end":{"line":46,"column":40}},"loc":{"start":{"line":46,"column":45},"end":{"line":78,"column":5}},"line":46},"5":{"name":"(anonymous_5)","decl":{"start":{"line":47,"column":41},"end":{"line":47,"column":42}},"loc":{"start":{"line":47,"column":53},"end":{"line":61,"column":9}},"line":47},"6":{"name":"(anonymous_6)","decl":{"start":{"line":63,"column":44},"end":{"line":63,"column":45}},"loc":{"start":{"line":63,"column":56},"end":{"line":77,"column":9}},"line":63},"7":{"name":"(anonymous_7)","decl":{"start":{"line":80,"column":98},"end":{"line":80,"column":99}},"loc":{"start":{"line":80,"column":104},"end":{"line":100,"column":5}},"line":80},"8":{"name":"(anonymous_8)","decl":{"start":{"line":81,"column":15},"end":{"line":81,"column":16}},"loc":{"start":{"line":81,"column":21},"end":{"line":81,"column":40}},"line":81},"9":{"name":"(anonymous_9)","decl":{"start":{"line":82,"column":15},"end":{"line":82,"column":16}},"loc":{"start":{"line":82,"column":21},"end":{"line":82,"column":43}},"line":82},"10":{"name":"(anonymous_10)","decl":{"start":{"line":83,"column":15},"end":{"line":83,"column":16}},"loc":{"start":{"line":83,"column":21},"end":{"line":83,"column":41}},"line":83},"11":{"name":"(anonymous_11)","decl":{"start":{"line":84,"column":15},"end":{"line":84,"column":16}},"loc":{"start":{"line":84,"column":21},"end":{"line":84,"column":41}},"line":84},"12":{"name":"(anonymous_12)","decl":{"start":{"line":85,"column":15},"end":{"line":85,"column":16}},"loc":{"start":{"line":85,"column":21},"end":{"line":85,"column":48}},"line":85},"13":{"name":"(anonymous_13)","decl":{"start":{"line":86,"column":15},"end":{"line":86,"column":16}},"loc":{"start":{"line":86,"column":21},"end":{"line":86,"column":43}},"line":86},"14":{"name":"(anonymous_14)","decl":{"start":{"line":88,"column":15},"end":{"line":88,"column":16}},"loc":{"start":{"line":88,"column":21},"end":{"line":88,"column":41}},"line":88},"15":{"name":"(anonymous_15)","decl":{"start":{"line":89,"column":15},"end":{"line":89,"column":16}},"loc":{"start":{"line":89,"column":21},"end":{"line":89,"column":46}},"line":89},"16":{"name":"(anonymous_16)","decl":{"start":{"line":91,"column":15},"end":{"line":91,"column":16}},"loc":{"start":{"line":91,"column":21},"end":{"line":91,"column":47}},"line":91},"17":{"name":"(anonymous_17)","decl":{"start":{"line":92,"column":15},"end":{"line":92,"column":16}},"loc":{"start":{"line":92,"column":21},"end":{"line":92,"column":50}},"line":92},"18":{"name":"(anonymous_18)","decl":{"start":{"line":93,"column":15},"end":{"line":93,"column":16}},"loc":{"start":{"line":93,"column":21},"end":{"line":93,"column":48}},"line":93},"19":{"name":"(anonymous_19)","decl":{"start":{"line":94,"column":15},"end":{"line":94,"column":16}},"loc":{"start":{"line":94,"column":21},"end":{"line":94,"column":48}},"line":94},"20":{"name":"(anonymous_20)","decl":{"start":{"line":95,"column":15},"end":{"line":95,"column":16}},"loc":{"start":{"line":95,"column":21},"end":{"line":95,"column":55}},"line":95},"21":{"name":"(anonymous_21)","decl":{"start":{"line":96,"column":15},"end":{"line":96,"column":16}},"loc":{"start":{"line":96,"column":21},"end":{"line":96,"column":50}},"line":96},"22":{"name":"(anonymous_22)","decl":{"start":{"line":98,"column":15},"end":{"line":98,"column":16}},"loc":{"start":{"line":98,"column":21},"end":{"line":98,"column":48}},"line":98},"23":{"name":"(anonymous_23)","decl":{"start":{"line":99,"column":15},"end":{"line":99,"column":16}},"loc":{"start":{"line":99,"column":21},"end":{"line":99,"column":53}},"line":99},"24":{"name":"(anonymous_24)","decl":{"start":{"line":104,"column":10},"end":{"line":104,"column":11}},"loc":{"start":{"line":104,"column":16},"end":{"line":104,"column":59}},"line":104}},"branchMap":{},"s":{"0":1,"1":1,"2":1,"3":1,"4":1,"5":1,"6":1,"7":1,"8":1,"9":1,"10":1,"11":1,"12":4,"13":4,"14":4,"15":4,"16":4,"17":4,"18":4,"19":4,"20":4,"21":4,"22":4,"23":4,"24":4,"25":1,"26":1,"27":1,"28":1,"29":1,"30":1,"31":1,"32":1,"33":1,"34":1,"35":1,"36":0,"37":1,"38":1,"39":1,"40":1,"41":1,"42":1,"43":1,"44":1,"45":0,"46":1,"47":1,"48":1,"49":1,"50":1,"51":1,"52":1,"53":1,"54":1,"55":1,"56":1,"57":1,"58":1,"59":1,"60":1,"61":1,"62":1,"63":1,"64":1,"65":1,"66":1,"67":1,"68":1,"69":1,"70":1,"71":1,"72":1,"73":1,"74":1,"75":1,"76":1,"77":1,"78":1,"79":1,"80":1,"81":1,"82":1,"83":1,"84":1},"f":{"0":1,"1":1,"2":4,"3":1,"4":1,"5":1,"6":1,"7":1,"8":1,"9":1,"10":1,"11":1,"12":1,"13":1,"14":1,"15":1,"16":1,"17":1,"18":1,"19":1,"20":1,"21":1,"22":1,"23":1,"24":1},"b":{},"_coverageSchema":"43e27e138ebf9cfc5966b082cf9a028302ed4184","hash":"e48c285065f753a2fed4df0f04c6378c5d371ffd","contentHash":"a33b8ccb43fa62a46cae0e094a2eb09d4b04d3c49ce113aae6971aaaa0851a58"},"/home/marta/bootcamp/collab/skylab-bootcamp-201909/staff/marta-penya/wishare/wishare-api/logic/authenticate-user/index.js":{"path":"/home/marta/bootcamp/collab/skylab-bootcamp-201909/staff/marta-penya/wishare/wishare-api/logic/authenticate-user/index.js","statementMap":{"0":{"start":{"line":1,"column":51},"end":{"line":1,"column":74}},"1":{"start":{"line":2,"column":29},"end":{"line":2,"column":52}},"2":{"start":{"line":3,"column":15},"end":{"line":3,"column":34}},"3":{"start":{"line":14,"column":0},"end":{"line":29,"column":1}},"4":{"start":{"line":15,"column":4},"end":{"line":15,"column":26}},"5":{"start":{"line":16,"column":4},"end":{"line":16,"column":43}},"6":{"start":{"line":17,"column":4},"end":{"line":17,"column":29}},"7":{"start":{"line":18,"column":4},"end":{"line":18,"column":49}},"8":{"start":{"line":20,"column":4},"end":{"line":28,"column":8}},"9":{"start":{"line":21,"column":21},"end":{"line":21,"column":50}},"10":{"start":{"line":22,"column":8},"end":{"line":22,"column":61}},"11":{"start":{"line":22,"column":19},"end":{"line":22,"column":61}},"12":{"start":{"line":24,"column":22},"end":{"line":24,"column":67}},"13":{"start":{"line":25,"column":8},"end":{"line":25,"column":64}},"14":{"start":{"line":25,"column":19},"end":{"line":25,"column":64}},"15":{"start":{"line":27,"column":8},"end":{"line":27,"column":22}}},"fnMap":{"0":{"name":"(anonymous_0)","decl":{"start":{"line":14,"column":17},"end":{"line":14,"column":18}},"loc":{"start":{"line":14,"column":44},"end":{"line":29,"column":1}},"line":14},"1":{"name":"(anonymous_1)","decl":{"start":{"line":20,"column":12},"end":{"line":20,"column":13}},"loc":{"start":{"line":20,"column":24},"end":{"line":28,"column":5}},"line":20}},"branchMap":{"0":{"loc":{"start":{"line":22,"column":8},"end":{"line":22,"column":61}},"type":"if","locations":[{"start":{"line":22,"column":8},"end":{"line":22,"column":61}},{"start":{"line":22,"column":8},"end":{"line":22,"column":61}}],"line":22},"1":{"loc":{"start":{"line":25,"column":8},"end":{"line":25,"column":64}},"type":"if","locations":[{"start":{"line":25,"column":8},"end":{"line":25,"column":64}},{"start":{"line":25,"column":8},"end":{"line":25,"column":64}}],"line":25}},"s":{"0":1,"1":1,"2":1,"3":1,"4":19,"5":13,"6":11,"7":5,"8":3,"9":3,"10":3,"11":1,"12":2,"13":2,"14":1,"15":1},"f":{"0":19,"1":3},"b":{"0":[1,2],"1":[1,1]},"_coverageSchema":"43e27e138ebf9cfc5966b082cf9a028302ed4184","hash":"68a7d93025588b3c6abe6a86b545be4fb8b573fe","contentHash":"b41f2e5b28975982f06f33ac369ab04f3dc8d0542b341842a88ac27d57001570"},"/home/marta/bootcamp/collab/skylab-bootcamp-201909/staff/marta-penya/wishare/wishare-api/logic/block-wish/index.spec.js":{"path":"/home/marta/bootcamp/collab/skylab-bootcamp-201909/staff/marta-penya/wishare/wishare-api/logic/block-wish/index.spec.js","statementMap":{"0":{"start":{"line":1,"column":0},"end":{"line":1,"column":26}},"1":{"start":{"line":2,"column":33},"end":{"line":2,"column":40}},"2":{"start":{"line":3,"column":19},"end":{"line":3,"column":34}},"3":{"start":{"line":4,"column":20},"end":{"line":4,"column":32}},"4":{"start":{"line":5,"column":19},"end":{"line":5,"column":23}},"5":{"start":{"line":6,"column":52},"end":{"line":6,"column":75}},"6":{"start":{"line":7,"column":55},"end":{"line":7,"column":78}},"7":{"start":{"line":8,"column":15},"end":{"line":8,"column":34}},"8":{"start":{"line":11,"column":0},"end":{"line":167,"column":2}},"9":{"start":{"line":12,"column":4},"end":{"line":12,"column":47}},"10":{"start":{"line":12,"column":17},"end":{"line":12,"column":46}},"11":{"start":{"line":16,"column":4},"end":{"line":67,"column":6}},"12":{"start":{"line":17,"column":8},"end":{"line":17,"column":33}},"13":{"start":{"line":18,"column":8},"end":{"line":18,"column":39}},"14":{"start":{"line":19,"column":8},"end":{"line":19,"column":44}},"15":{"start":{"line":20,"column":8},"end":{"line":20,"column":41}},"16":{"start":{"line":21,"column":8},"end":{"line":21,"column":41}},"17":{"start":{"line":22,"column":8},"end":{"line":22,"column":21}},"18":{"start":{"line":23,"column":8},"end":{"line":23,"column":19}},"19":{"start":{"line":24,"column":8},"end":{"line":24,"column":18}},"20":{"start":{"line":25,"column":8},"end":{"line":25,"column":34}},"21":{"start":{"line":26,"column":8},"end":{"line":26,"column":61}},"22":{"start":{"line":28,"column":8},"end":{"line":28,"column":34}},"23":{"start":{"line":29,"column":8},"end":{"line":29,"column":40}},"24":{"start":{"line":30,"column":8},"end":{"line":30,"column":45}},"25":{"start":{"line":31,"column":8},"end":{"line":31,"column":42}},"26":{"start":{"line":32,"column":8},"end":{"line":32,"column":42}},"27":{"start":{"line":33,"column":8},"end":{"line":33,"column":22}},"28":{"start":{"line":34,"column":8},"end":{"line":34,"column":20}},"29":{"start":{"line":35,"column":8},"end":{"line":35,"column":19}},"30":{"start":{"line":36,"column":8},"end":{"line":36,"column":35}},"31":{"start":{"line":37,"column":8},"end":{"line":37,"column":65}},"32":{"start":{"line":39,"column":8},"end":{"line":39,"column":35}},"33":{"start":{"line":40,"column":8},"end":{"line":40,"column":33}},"34":{"start":{"line":41,"column":8},"end":{"line":41,"column":44}},"35":{"start":{"line":42,"column":8},"end":{"line":42,"column":47}},"36":{"start":{"line":44,"column":8},"end":{"line":44,"column":31}},"37":{"start":{"line":46,"column":21},"end":{"line":46,"column":117}},"38":{"start":{"line":47,"column":23},"end":{"line":47,"column":155}},"39":{"start":{"line":49,"column":8},"end":{"line":49,"column":20}},"40":{"start":{"line":51,"column":8},"end":{"line":51,"column":28}},"41":{"start":{"line":53,"column":8},"end":{"line":53,"column":46}},"42":{"start":{"line":56,"column":21},"end":{"line":56,"column":66}},"43":{"start":{"line":58,"column":8},"end":{"line":58,"column":24}},"44":{"start":{"line":60,"column":8},"end":{"line":60,"column":32}},"45":{"start":{"line":61,"column":8},"end":{"line":61,"column":27}},"46":{"start":{"line":63,"column":8},"end":{"line":63,"column":53}},"47":{"start":{"line":64,"column":8},"end":{"line":64,"column":25}},"48":{"start":{"line":70,"column":4},"end":{"line":94,"column":6}},"49":{"start":{"line":72,"column":21},"end":{"line":72,"column":50}},"50":{"start":{"line":73,"column":8},"end":{"line":73,"column":16}},"51":{"start":{"line":74,"column":22},"end":{"line":74,"column":66}},"52":{"start":{"line":74,"column":47},"end":{"line":74,"column":65}},"53":{"start":{"line":76,"column":8},"end":{"line":76,"column":31}},"54":{"start":{"line":78,"column":25},"end":{"line":78,"column":64}},"55":{"start":{"line":80,"column":8},"end":{"line":80,"column":37}},"56":{"start":{"line":82,"column":22},"end":{"line":82,"column":51}},"57":{"start":{"line":84,"column":21},"end":{"line":84,"column":66}},"58":{"start":{"line":84,"column":47},"end":{"line":84,"column":65}},"59":{"start":{"line":86,"column":8},"end":{"line":86,"column":32}},"60":{"start":{"line":87,"column":8},"end":{"line":87,"column":51}},"61":{"start":{"line":89,"column":8},"end":{"line":89,"column":37}},"62":{"start":{"line":90,"column":8},"end":{"line":90,"column":47}},"63":{"start":{"line":91,"column":8},"end":{"line":91,"column":43}},"64":{"start":{"line":92,"column":8},"end":{"line":92,"column":50}},"65":{"start":{"line":96,"column":4},"end":{"line":108,"column":6}},"66":{"start":{"line":97,"column":8},"end":{"line":97,"column":22}},"67":{"start":{"line":99,"column":8},"end":{"line":107,"column":9}},"68":{"start":{"line":100,"column":12},"end":{"line":100,"column":51}},"69":{"start":{"line":102,"column":12},"end":{"line":102,"column":54}},"70":{"start":{"line":104,"column":12},"end":{"line":104,"column":34}},"71":{"start":{"line":105,"column":12},"end":{"line":105,"column":60}},"72":{"start":{"line":106,"column":12},"end":{"line":106,"column":74}},"73":{"start":{"line":109,"column":4},"end":{"line":121,"column":6}},"74":{"start":{"line":110,"column":8},"end":{"line":110,"column":28}},"75":{"start":{"line":112,"column":8},"end":{"line":120,"column":9}},"76":{"start":{"line":113,"column":12},"end":{"line":113,"column":51}},"77":{"start":{"line":115,"column":12},"end":{"line":115,"column":54}},"78":{"start":{"line":117,"column":12},"end":{"line":117,"column":34}},"79":{"start":{"line":118,"column":12},"end":{"line":118,"column":60}},"80":{"start":{"line":119,"column":12},"end":{"line":119,"column":80}},"81":{"start":{"line":122,"column":4},"end":{"line":134,"column":6}},"82":{"start":{"line":123,"column":8},"end":{"line":123,"column":26}},"83":{"start":{"line":125,"column":8},"end":{"line":133,"column":9}},"84":{"start":{"line":126,"column":12},"end":{"line":126,"column":51}},"85":{"start":{"line":128,"column":12},"end":{"line":128,"column":54}},"86":{"start":{"line":130,"column":12},"end":{"line":130,"column":34}},"87":{"start":{"line":131,"column":12},"end":{"line":131,"column":60}},"88":{"start":{"line":132,"column":12},"end":{"line":132,"column":78}},"89":{"start":{"line":135,"column":4},"end":{"line":165,"column":6}},"90":{"start":{"line":136,"column":8},"end":{"line":136,"column":77}},"91":{"start":{"line":136,"column":21},"end":{"line":136,"column":35}},"92":{"start":{"line":137,"column":8},"end":{"line":137,"column":83}},"93":{"start":{"line":137,"column":21},"end":{"line":137,"column":38}},"94":{"start":{"line":138,"column":8},"end":{"line":138,"column":77}},"95":{"start":{"line":138,"column":21},"end":{"line":138,"column":36}},"96":{"start":{"line":139,"column":8},"end":{"line":139,"column":92}},"97":{"start":{"line":139,"column":21},"end":{"line":139,"column":36}},"98":{"start":{"line":140,"column":8},"end":{"line":140,"column":93}},"99":{"start":{"line":140,"column":21},"end":{"line":140,"column":43}},"100":{"start":{"line":141,"column":8},"end":{"line":141,"column":83}},"101":{"start":{"line":141,"column":21},"end":{"line":141,"column":38}},"102":{"start":{"line":143,"column":8},"end":{"line":143,"column":84}},"103":{"start":{"line":143,"column":21},"end":{"line":143,"column":36}},"104":{"start":{"line":144,"column":8},"end":{"line":144,"column":89}},"105":{"start":{"line":144,"column":21},"end":{"line":144,"column":41}},"106":{"start":{"line":146,"column":8},"end":{"line":146,"column":81}},"107":{"start":{"line":146,"column":21},"end":{"line":146,"column":39}},"108":{"start":{"line":147,"column":8},"end":{"line":147,"column":87}},"109":{"start":{"line":147,"column":21},"end":{"line":147,"column":42}},"110":{"start":{"line":148,"column":8},"end":{"line":148,"column":81}},"111":{"start":{"line":148,"column":21},"end":{"line":148,"column":40}},"112":{"start":{"line":149,"column":8},"end":{"line":149,"column":96}},"113":{"start":{"line":149,"column":21},"end":{"line":149,"column":40}},"114":{"start":{"line":150,"column":8},"end":{"line":150,"column":97}},"115":{"start":{"line":150,"column":21},"end":{"line":150,"column":47}},"116":{"start":{"line":151,"column":8},"end":{"line":151,"column":87}},"117":{"start":{"line":151,"column":21},"end":{"line":151,"column":42}},"118":{"start":{"line":153,"column":8},"end":{"line":153,"column":94}},"119":{"start":{"line":153,"column":21},"end":{"line":153,"column":40}},"120":{"start":{"line":154,"column":8},"end":{"line":154,"column":99}},"121":{"start":{"line":154,"column":21},"end":{"line":154,"column":45}},"122":{"start":{"line":156,"column":8},"end":{"line":156,"column":92}},"123":{"start":{"line":156,"column":21},"end":{"line":156,"column":50}},"124":{"start":{"line":157,"column":8},"end":{"line":157,"column":97}},"125":{"start":{"line":157,"column":21},"end":{"line":157,"column":52}},"126":{"start":{"line":158,"column":8},"end":{"line":158,"column":91}},"127":{"start":{"line":158,"column":21},"end":{"line":158,"column":50}},"128":{"start":{"line":159,"column":8},"end":{"line":159,"column":106}},"129":{"start":{"line":159,"column":21},"end":{"line":159,"column":50}},"130":{"start":{"line":160,"column":8},"end":{"line":160,"column":107}},"131":{"start":{"line":160,"column":21},"end":{"line":160,"column":57}},"132":{"start":{"line":161,"column":8},"end":{"line":161,"column":97}},"133":{"start":{"line":161,"column":21},"end":{"line":161,"column":52}},"134":{"start":{"line":163,"column":8},"end":{"line":163,"column":102}},"135":{"start":{"line":163,"column":21},"end":{"line":163,"column":50}},"136":{"start":{"line":164,"column":8},"end":{"line":164,"column":107}},"137":{"start":{"line":164,"column":21},"end":{"line":164,"column":55}},"138":{"start":{"line":166,"column":4},"end":{"line":166,"column":60}},"139":{"start":{"line":166,"column":16},"end":{"line":166,"column":59}}},"fnMap":{"0":{"name":"(anonymous_0)","decl":{"start":{"line":11,"column":33},"end":{"line":11,"column":34}},"loc":{"start":{"line":11,"column":39},"end":{"line":167,"column":1}},"line":11},"1":{"name":"(anonymous_1)","decl":{"start":{"line":12,"column":11},"end":{"line":12,"column":12}},"loc":{"start":{"line":12,"column":17},"end":{"line":12,"column":46}},"line":12},"2":{"name":"(anonymous_2)","decl":{"start":{"line":16,"column":15},"end":{"line":16,"column":16}},"loc":{"start":{"line":16,"column":27},"end":{"line":67,"column":5}},"line":16},"3":{"name":"(anonymous_3)","decl":{"start":{"line":70,"column":52},"end":{"line":70,"column":53}},"loc":{"start":{"line":70,"column":64},"end":{"line":94,"column":5}},"line":70},"4":{"name":"(anonymous_4)","decl":{"start":{"line":74,"column":39},"end":{"line":74,"column":40}},"loc":{"start":{"line":74,"column":47},"end":{"line":74,"column":65}},"line":74},"5":{"name":"(anonymous_5)","decl":{"start":{"line":84,"column":39},"end":{"line":84,"column":40}},"loc":{"start":{"line":84,"column":47},"end":{"line":84,"column":65}},"line":84},"6":{"name":"(anonymous_6)","decl":{"start":{"line":96,"column":39},"end":{"line":96,"column":40}},"loc":{"start":{"line":96,"column":51},"end":{"line":108,"column":5}},"line":96},"7":{"name":"(anonymous_7)","decl":{"start":{"line":109,"column":39},"end":{"line":109,"column":40}},"loc":{"start":{"line":109,"column":51},"end":{"line":121,"column":5}},"line":109},"8":{"name":"(anonymous_8)","decl":{"start":{"line":122,"column":39},"end":{"line":122,"column":40}},"loc":{"start":{"line":122,"column":51},"end":{"line":134,"column":5}},"line":122},"9":{"name":"(anonymous_9)","decl":{"start":{"line":135,"column":81},"end":{"line":135,"column":82}},"loc":{"start":{"line":135,"column":87},"end":{"line":165,"column":5}},"line":135},"10":{"name":"(anonymous_10)","decl":{"start":{"line":136,"column":15},"end":{"line":136,"column":16}},"loc":{"start":{"line":136,"column":21},"end":{"line":136,"column":35}},"line":136},"11":{"name":"(anonymous_11)","decl":{"start":{"line":137,"column":15},"end":{"line":137,"column":16}},"loc":{"start":{"line":137,"column":21},"end":{"line":137,"column":38}},"line":137},"12":{"name":"(anonymous_12)","decl":{"start":{"line":138,"column":15},"end":{"line":138,"column":16}},"loc":{"start":{"line":138,"column":21},"end":{"line":138,"column":36}},"line":138},"13":{"name":"(anonymous_13)","decl":{"start":{"line":139,"column":15},"end":{"line":139,"column":16}},"loc":{"start":{"line":139,"column":21},"end":{"line":139,"column":36}},"line":139},"14":{"name":"(anonymous_14)","decl":{"start":{"line":140,"column":15},"end":{"line":140,"column":16}},"loc":{"start":{"line":140,"column":21},"end":{"line":140,"column":43}},"line":140},"15":{"name":"(anonymous_15)","decl":{"start":{"line":141,"column":15},"end":{"line":141,"column":16}},"loc":{"start":{"line":141,"column":21},"end":{"line":141,"column":38}},"line":141},"16":{"name":"(anonymous_16)","decl":{"start":{"line":143,"column":15},"end":{"line":143,"column":16}},"loc":{"start":{"line":143,"column":21},"end":{"line":143,"column":36}},"line":143},"17":{"name":"(anonymous_17)","decl":{"start":{"line":144,"column":15},"end":{"line":144,"column":16}},"loc":{"start":{"line":144,"column":21},"end":{"line":144,"column":41}},"line":144},"18":{"name":"(anonymous_18)","decl":{"start":{"line":146,"column":15},"end":{"line":146,"column":16}},"loc":{"start":{"line":146,"column":21},"end":{"line":146,"column":39}},"line":146},"19":{"name":"(anonymous_19)","decl":{"start":{"line":147,"column":15},"end":{"line":147,"column":16}},"loc":{"start":{"line":147,"column":21},"end":{"line":147,"column":42}},"line":147},"20":{"name":"(anonymous_20)","decl":{"start":{"line":148,"column":15},"end":{"line":148,"column":16}},"loc":{"start":{"line":148,"column":21},"end":{"line":148,"column":40}},"line":148},"21":{"name":"(anonymous_21)","decl":{"start":{"line":149,"column":15},"end":{"line":149,"column":16}},"loc":{"start":{"line":149,"column":21},"end":{"line":149,"column":40}},"line":149},"22":{"name":"(anonymous_22)","decl":{"start":{"line":150,"column":15},"end":{"line":150,"column":16}},"loc":{"start":{"line":150,"column":21},"end":{"line":150,"column":47}},"line":150},"23":{"name":"(anonymous_23)","decl":{"start":{"line":151,"column":15},"end":{"line":151,"column":16}},"loc":{"start":{"line":151,"column":21},"end":{"line":151,"column":42}},"line":151},"24":{"name":"(anonymous_24)","decl":{"start":{"line":153,"column":15},"end":{"line":153,"column":16}},"loc":{"start":{"line":153,"column":21},"end":{"line":153,"column":40}},"line":153},"25":{"name":"(anonymous_25)","decl":{"start":{"line":154,"column":15},"end":{"line":154,"column":16}},"loc":{"start":{"line":154,"column":21},"end":{"line":154,"column":45}},"line":154},"26":{"name":"(anonymous_26)","decl":{"start":{"line":156,"column":15},"end":{"line":156,"column":16}},"loc":{"start":{"line":156,"column":21},"end":{"line":156,"column":50}},"line":156},"27":{"name":"(anonymous_27)","decl":{"start":{"line":157,"column":15},"end":{"line":157,"column":16}},"loc":{"start":{"line":157,"column":21},"end":{"line":157,"column":52}},"line":157},"28":{"name":"(anonymous_28)","decl":{"start":{"line":158,"column":15},"end":{"line":158,"column":16}},"loc":{"start":{"line":158,"column":21},"end":{"line":158,"column":50}},"line":158},"29":{"name":"(anonymous_29)","decl":{"start":{"line":159,"column":15},"end":{"line":159,"column":16}},"loc":{"start":{"line":159,"column":21},"end":{"line":159,"column":50}},"line":159},"30":{"name":"(anonymous_30)","decl":{"start":{"line":160,"column":15},"end":{"line":160,"column":16}},"loc":{"start":{"line":160,"column":21},"end":{"line":160,"column":57}},"line":160},"31":{"name":"(anonymous_31)","decl":{"start":{"line":161,"column":15},"end":{"line":161,"column":16}},"loc":{"start":{"line":161,"column":21},"end":{"line":161,"column":52}},"line":161},"32":{"name":"(anonymous_32)","decl":{"start":{"line":163,"column":15},"end":{"line":163,"column":16}},"loc":{"start":{"line":163,"column":21},"end":{"line":163,"column":50}},"line":163},"33":{"name":"(anonymous_33)","decl":{"start":{"line":164,"column":15},"end":{"line":164,"column":16}},"loc":{"start":{"line":164,"column":21},"end":{"line":164,"column":55}},"line":164},"34":{"name":"(anonymous_34)","decl":{"start":{"line":166,"column":10},"end":{"line":166,"column":11}},"loc":{"start":{"line":166,"column":16},"end":{"line":166,"column":59}},"line":166}},"branchMap":{},"s":{"0":1,"1":1,"2":1,"3":1,"4":1,"5":1,"6":1,"7":1,"8":1,"9":1,"10":1,"11":1,"12":2,"13":2,"14":2,"15":2,"16":2,"17":2,"18":2,"19":2,"20":2,"21":2,"22":2,"23":2,"24":2,"25":2,"26":2,"27":2,"28":2,"29":2,"30":2,"31":2,"32":2,"33":2,"34":2,"35":2,"36":2,"37":2,"38":2,"39":1,"40":1,"41":1,"42":1,"43":1,"44":1,"45":1,"46":1,"47":1,"48":1,"49":1,"50":1,"51":1,"52":1,"53":1,"54":1,"55":1,"56":1,"57":1,"58":1,"59":1,"60":1,"61":1,"62":1,"63":1,"64":1,"65":1,"66":0,"67":0,"68":0,"69":0,"70":0,"71":0,"72":0,"73":1,"74":0,"75":0,"76":0,"77":0,"78":0,"79":0,"80":0,"81":1,"82":0,"83":0,"84":0,"85":0,"86":0,"87":0,"88":0,"89":1,"90":0,"91":0,"92":0,"93":0,"94":0,"95":0,"96":0,"97":0,"98":0,"99":0,"100":0,"101":0,"102":0,"103":0,"104":0,"105":0,"106":0,"107":0,"108":0,"109":0,"110":0,"111":0,"112":0,"113":0,"114":0,"115":0,"116":0,"117":0,"118":0,"119":0,"120":0,"121":0,"122":0,"123":0,"124":0,"125":0,"126":0,"127":0,"128":0,"129":0,"130":0,"131":0,"132":0,"133":0,"134":0,"135":0,"136":0,"137":0,"138":1,"139":0},"f":{"0":1,"1":1,"2":2,"3":1,"4":1,"5":1,"6":0,"7":0,"8":0,"9":0,"10":0,"11":0,"12":0,"13":0,"14":0,"15":0,"16":0,"17":0,"18":0,"19":0,"20":0,"21":0,"22":0,"23":0,"24":0,"25":0,"26":0,"27":0,"28":0,"29":0,"30":0,"31":0,"32":0,"33":0,"34":0},"b":{},"_coverageSchema":"43e27e138ebf9cfc5966b082cf9a028302ed4184","hash":"a0365c9ad74202a65fbb228c2d28b5bc18278ab5","contentHash":"3d5329439335014a00ed07ae4c672247ea6cfda119cde580c0f2d16126048457"},"/home/marta/bootcamp/collab/skylab-bootcamp-201909/staff/marta-penya/wishare/wishare-api/logic/block-wish/index.js":{"path":"/home/marta/bootcamp/collab/skylab-bootcamp-201909/staff/marta-penya/wishare/wishare-api/logic/block-wish/index.js","statementMap":{"0":{"start":{"line":1,"column":48},"end":{"line":1,"column":71}},"1":{"start":{"line":2,"column":39},"end":{"line":2,"column":62}},"2":{"start":{"line":14,"column":0},"end":{"line":52,"column":1}},"3":{"start":{"line":16,"column":4},"end":{"line":16,"column":23}},"4":{"start":{"line":17,"column":4},"end":{"line":17,"column":37}},"5":{"start":{"line":18,"column":4},"end":{"line":18,"column":86}},"6":{"start":{"line":18,"column":31},"end":{"line":18,"column":86}},"7":{"start":{"line":20,"column":4},"end":{"line":20,"column":29}},"8":{"start":{"line":21,"column":4},"end":{"line":21,"column":49}},"9":{"start":{"line":22,"column":4},"end":{"line":22,"column":98}},"10":{"start":{"line":22,"column":37},"end":{"line":22,"column":98}},"11":{"start":{"line":24,"column":4},"end":{"line":24,"column":27}},"12":{"start":{"line":25,"column":4},"end":{"line":25,"column":45}},"13":{"start":{"line":26,"column":4},"end":{"line":26,"column":94}},"14":{"start":{"line":26,"column":35},"end":{"line":26,"column":94}},"15":{"start":{"line":29,"column":4},"end":{"line":51,"column":8}},"16":{"start":{"line":30,"column":21},"end":{"line":30,"column":44}},"17":{"start":{"line":31,"column":8},"end":{"line":31,"column":74}},"18":{"start":{"line":31,"column":19},"end":{"line":31,"column":74}},"19":{"start":{"line":33,"column":23},"end":{"line":33,"column":52}},"20":{"start":{"line":34,"column":8},"end":{"line":34,"column":80}},"21":{"start":{"line":34,"column":19},"end":{"line":34,"column":80}},"22":{"start":{"line":36,"column":21},"end":{"line":36,"column":67}},"23":{"start":{"line":36,"column":48},"end":{"line":36,"column":66}},"24":{"start":{"line":37,"column":8},"end":{"line":37,"column":87}},"25":{"start":{"line":37,"column":19},"end":{"line":37,"column":87}},"26":{"start":{"line":39,"column":8},"end":{"line":39,"column":36}},"27":{"start":{"line":41,"column":8},"end":{"line":45,"column":9}},"28":{"start":{"line":46,"column":8},"end":{"line":46,"column":16}},"29":{"start":{"line":47,"column":20},"end":{"line":47,"column":89}},"30":{"start":{"line":47,"column":60},"end":{"line":47,"column":88}},"31":{"start":{"line":48,"column":8},"end":{"line":48,"column":84}},"32":{"start":{"line":50,"column":8},"end":{"line":50,"column":19}}},"fnMap":{"0":{"name":"(anonymous_0)","decl":{"start":{"line":14,"column":17},"end":{"line":14,"column":18}},"loc":{"start":{"line":14,"column":51},"end":{"line":52,"column":1}},"line":14},"1":{"name":"(anonymous_1)","decl":{"start":{"line":29,"column":12},"end":{"line":29,"column":13}},"loc":{"start":{"line":29,"column":24},"end":{"line":51,"column":5}},"line":29},"2":{"name":"(anonymous_2)","decl":{"start":{"line":36,"column":40},"end":{"line":36,"column":41}},"loc":{"start":{"line":36,"column":48},"end":{"line":36,"column":66}},"line":36},"3":{"name":"(anonymous_3)","decl":{"start":{"line":47,"column":47},"end":{"line":47,"column":48}},"loc":{"start":{"line":47,"column":60},"end":{"line":47,"column":88}},"line":47}},"branchMap":{"0":{"loc":{"start":{"line":18,"column":4},"end":{"line":18,"column":86}},"type":"if","locations":[{"start":{"line":18,"column":4},"end":{"line":18,"column":86}},{"start":{"line":18,"column":4},"end":{"line":18,"column":86}}],"line":18},"1":{"loc":{"start":{"line":22,"column":4},"end":{"line":22,"column":98}},"type":"if","locations":[{"start":{"line":22,"column":4},"end":{"line":22,"column":98}},{"start":{"line":22,"column":4},"end":{"line":22,"column":98}}],"line":22},"2":{"loc":{"start":{"line":26,"column":4},"end":{"line":26,"column":94}},"type":"if","locations":[{"start":{"line":26,"column":4},"end":{"line":26,"column":94}},{"start":{"line":26,"column":4},"end":{"line":26,"column":94}}],"line":26},"3":{"loc":{"start":{"line":31,"column":8},"end":{"line":31,"column":74}},"type":"if","locations":[{"start":{"line":31,"column":8},"end":{"line":31,"column":74}},{"start":{"line":31,"column":8},"end":{"line":31,"column":74}}],"line":31},"4":{"loc":{"start":{"line":34,"column":8},"end":{"line":34,"column":80}},"type":"if","locations":[{"start":{"line":34,"column":8},"end":{"line":34,"column":80}},{"start":{"line":34,"column":8},"end":{"line":34,"column":80}}],"line":34},"5":{"loc":{"start":{"line":37,"column":8},"end":{"line":37,"column":87}},"type":"if","locations":[{"start":{"line":37,"column":8},"end":{"line":37,"column":87}},{"start":{"line":37,"column":8},"end":{"line":37,"column":87}}],"line":37}},"s":{"0":1,"1":1,"2":1,"3":1,"4":1,"5":1,"6":0,"7":1,"8":1,"9":1,"10":0,"11":1,"12":1,"13":1,"14":0,"15":1,"16":1,"17":1,"18":0,"19":1,"20":1,"21":0,"22":1,"23":1,"24":1,"25":0,"26":1,"27":1,"28":1,"29":1,"30":1,"31":1,"32":1},"f":{"0":1,"1":1,"2":1,"3":1},"b":{"0":[0,1],"1":[0,1],"2":[0,1],"3":[0,1],"4":[0,1],"5":[0,1]},"_coverageSchema":"43e27e138ebf9cfc5966b082cf9a028302ed4184","hash":"e64bc086215515e790e6a969ff7a3814f19f6714","contentHash":"2e8626d05bc311e3d97d04cce8cb701048f00c53e8448a45eccaf98c6f3414ce"},"/home/marta/bootcamp/collab/skylab-bootcamp-201909/staff/marta-penya/wishare/wishare-api/logic/create-chat/index.spec.js":{"path":"/home/marta/bootcamp/collab/skylab-bootcamp-201909/staff/marta-penya/wishare/wishare-api/logic/create-chat/index.spec.js","statementMap":{"0":{"start":{"line":1,"column":0},"end":{"line":1,"column":26}},"1":{"start":{"line":2,"column":33},"end":{"line":2,"column":40}},"2":{"start":{"line":3,"column":19},"end":{"line":3,"column":34}},"3":{"start":{"line":4,"column":19},"end":{"line":4,"column":23}},"4":{"start":{"line":5,"column":19},"end":{"line":5,"column":31}},"5":{"start":{"line":6,"column":52},"end":{"line":6,"column":75}},"6":{"start":{"line":7,"column":55},"end":{"line":7,"column":78}},"7":{"start":{"line":8,"column":15},"end":{"line":8,"column":34}},"8":{"start":{"line":10,"column":0},"end":{"line":108,"column":2}},"9":{"start":{"line":11,"column":4},"end":{"line":11,"column":47}},"10":{"start":{"line":11,"column":17},"end":{"line":11,"column":46}},"11":{"start":{"line":15,"column":4},"end":{"line":62,"column":6}},"12":{"start":{"line":16,"column":8},"end":{"line":16,"column":33}},"13":{"start":{"line":17,"column":8},"end":{"line":17,"column":39}},"14":{"start":{"line":18,"column":8},"end":{"line":18,"column":44}},"15":{"start":{"line":19,"column":8},"end":{"line":19,"column":41}},"16":{"start":{"line":20,"column":8},"end":{"line":20,"column":41}},"17":{"start":{"line":21,"column":8},"end":{"line":21,"column":21}},"18":{"start":{"line":22,"column":8},"end":{"line":22,"column":19}},"19":{"start":{"line":23,"column":8},"end":{"line":23,"column":18}},"20":{"start":{"line":24,"column":8},"end":{"line":24,"column":34}},"21":{"start":{"line":25,"column":8},"end":{"line":25,"column":61}},"22":{"start":{"line":27,"column":8},"end":{"line":27,"column":34}},"23":{"start":{"line":28,"column":8},"end":{"line":28,"column":40}},"24":{"start":{"line":29,"column":8},"end":{"line":29,"column":45}},"25":{"start":{"line":30,"column":8},"end":{"line":30,"column":42}},"26":{"start":{"line":31,"column":8},"end":{"line":31,"column":42}},"27":{"start":{"line":32,"column":8},"end":{"line":32,"column":22}},"28":{"start":{"line":33,"column":8},"end":{"line":33,"column":20}},"29":{"start":{"line":34,"column":8},"end":{"line":34,"column":19}},"30":{"start":{"line":35,"column":8},"end":{"line":35,"column":35}},"31":{"start":{"line":36,"column":8},"end":{"line":36,"column":65}},"32":{"start":{"line":38,"column":8},"end":{"line":38,"column":45}},"33":{"start":{"line":39,"column":8},"end":{"line":39,"column":53}},"34":{"start":{"line":41,"column":8},"end":{"line":41,"column":35}},"35":{"start":{"line":42,"column":8},"end":{"line":42,"column":33}},"36":{"start":{"line":43,"column":8},"end":{"line":43,"column":44}},"37":{"start":{"line":44,"column":8},"end":{"line":44,"column":47}},"38":{"start":{"line":46,"column":8},"end":{"line":46,"column":31}},"39":{"start":{"line":48,"column":21},"end":{"line":48,"column":117}},"40":{"start":{"line":49,"column":23},"end":{"line":49,"column":155}},"41":{"start":{"line":50,"column":24},"end":{"line":50,"column":156}},"42":{"start":{"line":52,"column":8},"end":{"line":52,"column":20}},"43":{"start":{"line":54,"column":8},"end":{"line":54,"column":28}},"44":{"start":{"line":55,"column":8},"end":{"line":55,"column":30}},"45":{"start":{"line":57,"column":8},"end":{"line":57,"column":46}},"46":{"start":{"line":58,"column":8},"end":{"line":58,"column":47}},"47":{"start":{"line":60,"column":8},"end":{"line":60,"column":25}},"48":{"start":{"line":64,"column":4},"end":{"line":73,"column":6}},"49":{"start":{"line":65,"column":23},"end":{"line":65,"column":43}},"50":{"start":{"line":67,"column":8},"end":{"line":67,"column":31}},"51":{"start":{"line":68,"column":8},"end":{"line":68,"column":40}},"52":{"start":{"line":70,"column":21},"end":{"line":70,"column":48}},"53":{"start":{"line":72,"column":8},"end":{"line":72,"column":50}},"54":{"start":{"line":75,"column":4},"end":{"line":87,"column":6}},"55":{"start":{"line":77,"column":23},"end":{"line":77,"column":44}},"56":{"start":{"line":78,"column":8},"end":{"line":86,"column":9}},"57":{"start":{"line":79,"column":12},"end":{"line":79,"column":36}},"58":{"start":{"line":81,"column":12},"end":{"line":81,"column":54}},"59":{"start":{"line":83,"column":12},"end":{"line":83,"column":34}},"60":{"start":{"line":84,"column":12},"end":{"line":84,"column":60}},"61":{"start":{"line":85,"column":12},"end":{"line":85,"column":78}},"62":{"start":{"line":89,"column":4},"end":{"line":104,"column":6}},"63":{"start":{"line":91,"column":23},"end":{"line":91,"column":29}},"64":{"start":{"line":93,"column":8},"end":{"line":93,"column":76}},"65":{"start":{"line":93,"column":21},"end":{"line":93,"column":34}},"66":{"start":{"line":94,"column":8},"end":{"line":94,"column":82}},"67":{"start":{"line":94,"column":21},"end":{"line":94,"column":37}},"68":{"start":{"line":95,"column":8},"end":{"line":95,"column":76}},"69":{"start":{"line":95,"column":21},"end":{"line":95,"column":35}},"70":{"start":{"line":96,"column":8},"end":{"line":96,"column":91}},"71":{"start":{"line":96,"column":21},"end":{"line":96,"column":35}},"72":{"start":{"line":97,"column":8},"end":{"line":97,"column":92}},"73":{"start":{"line":97,"column":21},"end":{"line":97,"column":42}},"74":{"start":{"line":98,"column":8},"end":{"line":98,"column":82}},"75":{"start":{"line":98,"column":21},"end":{"line":98,"column":37}},"76":{"start":{"line":100,"column":8},"end":{"line":100,"column":83}},"77":{"start":{"line":100,"column":21},"end":{"line":100,"column":35}},"78":{"start":{"line":101,"column":8},"end":{"line":101,"column":88}},"79":{"start":{"line":101,"column":21},"end":{"line":101,"column":40}},"80":{"start":{"line":102,"column":8},"end":{"line":102,"column":94}},"81":{"start":{"line":102,"column":21},"end":{"line":102,"column":39}},"82":{"start":{"line":107,"column":4},"end":{"line":107,"column":94}},"83":{"start":{"line":107,"column":16},"end":{"line":107,"column":93}}},"fnMap":{"0":{"name":"(anonymous_0)","decl":{"start":{"line":10,"column":32},"end":{"line":10,"column":33}},"loc":{"start":{"line":10,"column":38},"end":{"line":108,"column":1}},"line":10},"1":{"name":"(anonymous_1)","decl":{"start":{"line":11,"column":11},"end":{"line":11,"column":12}},"loc":{"start":{"line":11,"column":17},"end":{"line":11,"column":46}},"line":11},"2":{"name":"(anonymous_2)","decl":{"start":{"line":15,"column":15},"end":{"line":15,"column":16}},"loc":{"start":{"line":15,"column":27},"end":{"line":62,"column":5}},"line":15},"3":{"name":"(anonymous_3)","decl":{"start":{"line":64,"column":44},"end":{"line":64,"column":45}},"loc":{"start":{"line":64,"column":55},"end":{"line":73,"column":5}},"line":64},"4":{"name":"(anonymous_4)","decl":{"start":{"line":75,"column":39},"end":{"line":75,"column":40}},"loc":{"start":{"line":75,"column":50},"end":{"line":87,"column":5}},"line":75},"5":{"name":"(anonymous_5)","decl":{"start":{"line":89,"column":98},"end":{"line":89,"column":99}},"loc":{"start":{"line":89,"column":104},"end":{"line":104,"column":5}},"line":89},"6":{"name":"(anonymous_6)","decl":{"start":{"line":93,"column":15},"end":{"line":93,"column":16}},"loc":{"start":{"line":93,"column":21},"end":{"line":93,"column":34}},"line":93},"7":{"name":"(anonymous_7)","decl":{"start":{"line":94,"column":15},"end":{"line":94,"column":16}},"loc":{"start":{"line":94,"column":21},"end":{"line":94,"column":37}},"line":94},"8":{"name":"(anonymous_8)","decl":{"start":{"line":95,"column":15},"end":{"line":95,"column":16}},"loc":{"start":{"line":95,"column":21},"end":{"line":95,"column":35}},"line":95},"9":{"name":"(anonymous_9)","decl":{"start":{"line":96,"column":15},"end":{"line":96,"column":16}},"loc":{"start":{"line":96,"column":21},"end":{"line":96,"column":35}},"line":96},"10":{"name":"(anonymous_10)","decl":{"start":{"line":97,"column":15},"end":{"line":97,"column":16}},"loc":{"start":{"line":97,"column":21},"end":{"line":97,"column":42}},"line":97},"11":{"name":"(anonymous_11)","decl":{"start":{"line":98,"column":15},"end":{"line":98,"column":16}},"loc":{"start":{"line":98,"column":21},"end":{"line":98,"column":37}},"line":98},"12":{"name":"(anonymous_12)","decl":{"start":{"line":100,"column":15},"end":{"line":100,"column":16}},"loc":{"start":{"line":100,"column":21},"end":{"line":100,"column":35}},"line":100},"13":{"name":"(anonymous_13)","decl":{"start":{"line":101,"column":15},"end":{"line":101,"column":16}},"loc":{"start":{"line":101,"column":21},"end":{"line":101,"column":40}},"line":101},"14":{"name":"(anonymous_14)","decl":{"start":{"line":102,"column":15},"end":{"line":102,"column":16}},"loc":{"start":{"line":102,"column":21},"end":{"line":102,"column":39}},"line":102},"15":{"name":"(anonymous_15)","decl":{"start":{"line":107,"column":10},"end":{"line":107,"column":11}},"loc":{"start":{"line":107,"column":16},"end":{"line":107,"column":93}},"line":107}},"branchMap":{},"s":{"0":1,"1":1,"2":1,"3":1,"4":1,"5":1,"6":1,"7":1,"8":1,"9":1,"10":0,"11":1,"12":0,"13":0,"14":0,"15":0,"16":0,"17":0,"18":0,"19":0,"20":0,"21":0,"22":0,"23":0,"24":0,"25":0,"26":0,"27":0,"28":0,"29":0,"30":0,"31":0,"32":0,"33":0,"34":0,"35":0,"36":0,"37":0,"38":0,"39":0,"40":0,"41":0,"42":0,"43":0,"44":0,"45":0,"46":0,"47":0,"48":1,"49":0,"50":0,"51":0,"52":0,"53":0,"54":1,"55":0,"56":0,"57":0,"58":0,"59":0,"60":0,"61":0,"62":1,"63":0,"64":0,"65":0,"66":0,"67":0,"68":0,"69":0,"70":0,"71":0,"72":0,"73":0,"74":0,"75":0,"76":0,"77":0,"78":0,"79":0,"80":0,"81":0,"82":1,"83":0},"f":{"0":1,"1":0,"2":0,"3":0,"4":0,"5":0,"6":0,"7":0,"8":0,"9":0,"10":0,"11":0,"12":0,"13":0,"14":0,"15":0},"b":{},"_coverageSchema":"43e27e138ebf9cfc5966b082cf9a028302ed4184","hash":"ef43f44c6e10b957bd94b905634cc730581b4c23","contentHash":"ee11125a88575e612e8c4b27d8a47ee7bbb6a3c7144acb782403c2688619ac72"},"/home/marta/bootcamp/collab/skylab-bootcamp-201909/staff/marta-penya/wishare/wishare-api/logic/create-chat/index.js":{"path":"/home/marta/bootcamp/collab/skylab-bootcamp-201909/staff/marta-penya/wishare/wishare-api/logic/create-chat/index.js","statementMap":{"0":{"start":{"line":1,"column":62},"end":{"line":1,"column":85}},"1":{"start":{"line":2,"column":45},"end":{"line":2,"column":68}},"2":{"start":{"line":5,"column":0},"end":{"line":18,"column":1}},"3":{"start":{"line":6,"column":4},"end":{"line":6,"column":23}},"4":{"start":{"line":7,"column":4},"end":{"line":7,"column":37}},"5":{"start":{"line":8,"column":4},"end":{"line":8,"column":80}},"6":{"start":{"line":8,"column":31},"end":{"line":8,"column":80}},"7":{"start":{"line":10,"column":4},"end":{"line":17,"column":8}},"8":{"start":{"line":11,"column":21},"end":{"line":11,"column":44}},"9":{"start":{"line":12,"column":8},"end":{"line":12,"column":74}},"10":{"start":{"line":12,"column":19},"end":{"line":12,"column":74}},"11":{"start":{"line":14,"column":21},"end":{"line":14,"column":53}},"12":{"start":{"line":16,"column":8},"end":{"line":16,"column":22}}},"fnMap":{"0":{"name":"(anonymous_0)","decl":{"start":{"line":5,"column":17},"end":{"line":5,"column":18}},"loc":{"start":{"line":5,"column":30},"end":{"line":18,"column":1}},"line":5},"1":{"name":"(anonymous_1)","decl":{"start":{"line":10,"column":12},"end":{"line":10,"column":13}},"loc":{"start":{"line":10,"column":23},"end":{"line":17,"column":5}},"line":10}},"branchMap":{"0":{"loc":{"start":{"line":8,"column":4},"end":{"line":8,"column":80}},"type":"if","locations":[{"start":{"line":8,"column":4},"end":{"line":8,"column":80}},{"start":{"line":8,"column":4},"end":{"line":8,"column":80}}],"line":8},"1":{"loc":{"start":{"line":12,"column":8},"end":{"line":12,"column":74}},"type":"if","locations":[{"start":{"line":12,"column":8},"end":{"line":12,"column":74}},{"start":{"line":12,"column":8},"end":{"line":12,"column":74}}],"line":12}},"s":{"0":1,"1":1,"2":1,"3":0,"4":0,"5":0,"6":0,"7":0,"8":0,"9":0,"10":0,"11":0,"12":0},"f":{"0":0,"1":0},"b":{"0":[0,0],"1":[0,0]},"_coverageSchema":"43e27e138ebf9cfc5966b082cf9a028302ed4184","hash":"bdbeb4cad52a15bfbb9e71a4884b49786a51f618","contentHash":"318a1dbe876bf0eebed9b51a4ac9228f95afe57904aecb3c0796f9325a3f2e22"},"/home/marta/bootcamp/collab/skylab-bootcamp-201909/staff/marta-penya/wishare/wishare-api/logic/create-wish/index.spec.js":{"path":"/home/marta/bootcamp/collab/skylab-bootcamp-201909/staff/marta-penya/wishare/wishare-api/logic/create-wish/index.spec.js","statementMap":{"0":{"start":{"line":1,"column":0},"end":{"line":1,"column":26}},"1":{"start":{"line":2,"column":33},"end":{"line":2,"column":40}},"2":{"start":{"line":3,"column":19},"end":{"line":3,"column":34}},"3":{"start":{"line":4,"column":19},"end":{"line":4,"column":31}},"4":{"start":{"line":5,"column":19},"end":{"line":5,"column":23}},"5":{"start":{"line":6,"column":52},"end":{"line":6,"column":75}},"6":{"start":{"line":7,"column":55},"end":{"line":7,"column":78}},"7":{"start":{"line":8,"column":15},"end":{"line":8,"column":34}},"8":{"start":{"line":11,"column":0},"end":{"line":126,"column":2}},"9":{"start":{"line":12,"column":4},"end":{"line":12,"column":47}},"10":{"start":{"line":12,"column":17},"end":{"line":12,"column":46}},"11":{"start":{"line":18,"column":4},"end":{"line":41,"column":6}},"12":{"start":{"line":19,"column":8},"end":{"line":19,"column":33}},"13":{"start":{"line":20,"column":8},"end":{"line":20,"column":39}},"14":{"start":{"line":21,"column":8},"end":{"line":21,"column":44}},"15":{"start":{"line":22,"column":8},"end":{"line":22,"column":41}},"16":{"start":{"line":23,"column":8},"end":{"line":23,"column":41}},"17":{"start":{"line":24,"column":8},"end":{"line":24,"column":19}},"18":{"start":{"line":25,"column":8},"end":{"line":25,"column":17}},"19":{"start":{"line":26,"column":8},"end":{"line":26,"column":16}},"20":{"start":{"line":29,"column":8},"end":{"line":29,"column":61}},"21":{"start":{"line":31,"column":8},"end":{"line":31,"column":65}},"22":{"start":{"line":33,"column":21},"end":{"line":33,"column":117}},"23":{"start":{"line":35,"column":8},"end":{"line":35,"column":20}},"24":{"start":{"line":37,"column":8},"end":{"line":37,"column":35}},"25":{"start":{"line":38,"column":8},"end":{"line":38,"column":33}},"26":{"start":{"line":39,"column":8},"end":{"line":39,"column":44}},"27":{"start":{"line":40,"column":8},"end":{"line":40,"column":47}},"28":{"start":{"line":44,"column":4},"end":{"line":62,"column":6}},"29":{"start":{"line":45,"column":23},"end":{"line":45,"column":76}},"30":{"start":{"line":47,"column":8},"end":{"line":47,"column":31}},"31":{"start":{"line":48,"column":8},"end":{"line":48,"column":40}},"32":{"start":{"line":49,"column":8},"end":{"line":49,"column":52}},"33":{"start":{"line":51,"column":22},"end":{"line":51,"column":45}},"34":{"start":{"line":53,"column":21},"end":{"line":53,"column":66}},"35":{"start":{"line":53,"column":47},"end":{"line":53,"column":65}},"36":{"start":{"line":55,"column":8},"end":{"line":55,"column":42}},"37":{"start":{"line":56,"column":8},"end":{"line":56,"column":40}},"38":{"start":{"line":57,"column":8},"end":{"line":57,"column":42}},"39":{"start":{"line":58,"column":8},"end":{"line":58,"column":54}},"40":{"start":{"line":60,"column":8},"end":{"line":60,"column":47}},"41":{"start":{"line":64,"column":4},"end":{"line":76,"column":6}},"42":{"start":{"line":65,"column":19},"end":{"line":65,"column":45}},"43":{"start":{"line":67,"column":8},"end":{"line":75,"column":9}},"44":{"start":{"line":68,"column":12},"end":{"line":68,"column":65}},"45":{"start":{"line":70,"column":12},"end":{"line":70,"column":54}},"46":{"start":{"line":72,"column":12},"end":{"line":72,"column":34}},"47":{"start":{"line":73,"column":12},"end":{"line":73,"column":60}},"48":{"start":{"line":74,"column":12},"end":{"line":74,"column":74}},"49":{"start":{"line":79,"column":4},"end":{"line":123,"column":6}},"50":{"start":{"line":80,"column":24},"end":{"line":80,"column":34}},"51":{"start":{"line":82,"column":8},"end":{"line":82,"column":76}},"52":{"start":{"line":82,"column":21},"end":{"line":82,"column":34}},"53":{"start":{"line":83,"column":8},"end":{"line":83,"column":82}},"54":{"start":{"line":83,"column":21},"end":{"line":83,"column":37}},"55":{"start":{"line":84,"column":8},"end":{"line":84,"column":76}},"56":{"start":{"line":84,"column":21},"end":{"line":84,"column":35}},"57":{"start":{"line":85,"column":8},"end":{"line":85,"column":91}},"58":{"start":{"line":85,"column":21},"end":{"line":85,"column":35}},"59":{"start":{"line":86,"column":8},"end":{"line":86,"column":92}},"60":{"start":{"line":86,"column":21},"end":{"line":86,"column":42}},"61":{"start":{"line":87,"column":8},"end":{"line":87,"column":82}},"62":{"start":{"line":87,"column":21},"end":{"line":87,"column":37}},"63":{"start":{"line":89,"column":8},"end":{"line":89,"column":83}},"64":{"start":{"line":89,"column":21},"end":{"line":89,"column":35}},"65":{"start":{"line":90,"column":8},"end":{"line":90,"column":88}},"66":{"start":{"line":90,"column":21},"end":{"line":90,"column":40}},"67":{"start":{"line":91,"column":8},"end":{"line":91,"column":97}},"68":{"start":{"line":91,"column":21},"end":{"line":91,"column":40}},"69":{"start":{"line":93,"column":8},"end":{"line":93,"column":80}},"70":{"start":{"line":93,"column":21},"end":{"line":93,"column":38}},"71":{"start":{"line":94,"column":8},"end":{"line":94,"column":86}},"72":{"start":{"line":94,"column":21},"end":{"line":94,"column":41}},"73":{"start":{"line":95,"column":8},"end":{"line":95,"column":80}},"74":{"start":{"line":95,"column":21},"end":{"line":95,"column":39}},"75":{"start":{"line":96,"column":8},"end":{"line":96,"column":95}},"76":{"start":{"line":96,"column":21},"end":{"line":96,"column":39}},"77":{"start":{"line":97,"column":8},"end":{"line":97,"column":96}},"78":{"start":{"line":97,"column":21},"end":{"line":97,"column":46}},"79":{"start":{"line":98,"column":8},"end":{"line":98,"column":86}},"80":{"start":{"line":98,"column":21},"end":{"line":98,"column":41}},"81":{"start":{"line":100,"column":8},"end":{"line":100,"column":90}},"82":{"start":{"line":100,"column":21},"end":{"line":100,"column":39}},"83":{"start":{"line":101,"column":8},"end":{"line":101,"column":95}},"84":{"start":{"line":101,"column":21},"end":{"line":101,"column":44}},"85":{"start":{"line":103,"column":8},"end":{"line":103,"column":87}},"86":{"start":{"line":103,"column":21},"end":{"line":103,"column":45}},"87":{"start":{"line":104,"column":8},"end":{"line":104,"column":93}},"88":{"start":{"line":104,"column":21},"end":{"line":104,"column":48}},"89":{"start":{"line":105,"column":8},"end":{"line":105,"column":87}},"90":{"start":{"line":105,"column":21},"end":{"line":105,"column":46}},"91":{"start":{"line":106,"column":8},"end":{"line":106,"column":102}},"92":{"start":{"line":106,"column":21},"end":{"line":106,"column":46}},"93":{"start":{"line":107,"column":8},"end":{"line":107,"column":103}},"94":{"start":{"line":107,"column":21},"end":{"line":107,"column":53}},"95":{"start":{"line":108,"column":8},"end":{"line":108,"column":93}},"96":{"start":{"line":108,"column":21},"end":{"line":108,"column":48}},"97":{"start":{"line":110,"column":8},"end":{"line":110,"column":96}},"98":{"start":{"line":110,"column":21},"end":{"line":110,"column":46}},"99":{"start":{"line":111,"column":8},"end":{"line":111,"column":101}},"100":{"start":{"line":111,"column":21},"end":{"line":111,"column":51}},"101":{"start":{"line":113,"column":8},"end":{"line":113,"column":93}},"102":{"start":{"line":113,"column":21},"end":{"line":113,"column":51}},"103":{"start":{"line":114,"column":8},"end":{"line":114,"column":99}},"104":{"start":{"line":114,"column":21},"end":{"line":114,"column":54}},"105":{"start":{"line":115,"column":8},"end":{"line":115,"column":93}},"106":{"start":{"line":115,"column":21},"end":{"line":115,"column":52}},"107":{"start":{"line":116,"column":8},"end":{"line":116,"column":108}},"108":{"start":{"line":116,"column":21},"end":{"line":116,"column":52}},"109":{"start":{"line":117,"column":8},"end":{"line":117,"column":109}},"110":{"start":{"line":117,"column":21},"end":{"line":117,"column":59}},"111":{"start":{"line":118,"column":8},"end":{"line":118,"column":99}},"112":{"start":{"line":118,"column":21},"end":{"line":118,"column":54}},"113":{"start":{"line":120,"column":8},"end":{"line":120,"column":103}},"114":{"start":{"line":120,"column":21},"end":{"line":120,"column":52}},"115":{"start":{"line":121,"column":8},"end":{"line":121,"column":108}},"116":{"start":{"line":121,"column":21},"end":{"line":121,"column":57}},"117":{"start":{"line":125,"column":4},"end":{"line":125,"column":60}},"118":{"start":{"line":125,"column":16},"end":{"line":125,"column":59}}},"fnMap":{"0":{"name":"(anonymous_0)","decl":{"start":{"line":11,"column":32},"end":{"line":11,"column":33}},"loc":{"start":{"line":11,"column":38},"end":{"line":126,"column":1}},"line":11},"1":{"name":"(anonymous_1)","decl":{"start":{"line":12,"column":11},"end":{"line":12,"column":12}},"loc":{"start":{"line":12,"column":17},"end":{"line":12,"column":46}},"line":12},"2":{"name":"(anonymous_2)","decl":{"start":{"line":18,"column":15},"end":{"line":18,"column":16}},"loc":{"start":{"line":18,"column":27},"end":{"line":41,"column":5}},"line":18},"3":{"name":"(anonymous_3)","decl":{"start":{"line":44,"column":48},"end":{"line":44,"column":49}},"loc":{"start":{"line":44,"column":60},"end":{"line":62,"column":5}},"line":44},"4":{"name":"(anonymous_4)","decl":{"start":{"line":53,"column":39},"end":{"line":53,"column":40}},"loc":{"start":{"line":53,"column":47},"end":{"line":53,"column":65}},"line":53},"5":{"name":"(anonymous_5)","decl":{"start":{"line":64,"column":39},"end":{"line":64,"column":40}},"loc":{"start":{"line":64,"column":51},"end":{"line":76,"column":5}},"line":64},"6":{"name":"(anonymous_6)","decl":{"start":{"line":79,"column":71},"end":{"line":79,"column":72}},"loc":{"start":{"line":79,"column":77},"end":{"line":123,"column":5}},"line":79},"7":{"name":"(anonymous_7)","decl":{"start":{"line":82,"column":15},"end":{"line":82,"column":16}},"loc":{"start":{"line":82,"column":21},"end":{"line":82,"column":34}},"line":82},"8":{"name":"(anonymous_8)","decl":{"start":{"line":83,"column":15},"end":{"line":83,"column":16}},"loc":{"start":{"line":83,"column":21},"end":{"line":83,"column":37}},"line":83},"9":{"name":"(anonymous_9)","decl":{"start":{"line":84,"column":15},"end":{"line":84,"column":16}},"loc":{"start":{"line":84,"column":21},"end":{"line":84,"column":35}},"line":84},"10":{"name":"(anonymous_10)","decl":{"start":{"line":85,"column":15},"end":{"line":85,"column":16}},"loc":{"start":{"line":85,"column":21},"end":{"line":85,"column":35}},"line":85},"11":{"name":"(anonymous_11)","decl":{"start":{"line":86,"column":15},"end":{"line":86,"column":16}},"loc":{"start":{"line":86,"column":21},"end":{"line":86,"column":42}},"line":86},"12":{"name":"(anonymous_12)","decl":{"start":{"line":87,"column":15},"end":{"line":87,"column":16}},"loc":{"start":{"line":87,"column":21},"end":{"line":87,"column":37}},"line":87},"13":{"name":"(anonymous_13)","decl":{"start":{"line":89,"column":15},"end":{"line":89,"column":16}},"loc":{"start":{"line":89,"column":21},"end":{"line":89,"column":35}},"line":89},"14":{"name":"(anonymous_14)","decl":{"start":{"line":90,"column":15},"end":{"line":90,"column":16}},"loc":{"start":{"line":90,"column":21},"end":{"line":90,"column":40}},"line":90},"15":{"name":"(anonymous_15)","decl":{"start":{"line":91,"column":15},"end":{"line":91,"column":16}},"loc":{"start":{"line":91,"column":21},"end":{"line":91,"column":40}},"line":91},"16":{"name":"(anonymous_16)","decl":{"start":{"line":93,"column":15},"end":{"line":93,"column":16}},"loc":{"start":{"line":93,"column":21},"end":{"line":93,"column":38}},"line":93},"17":{"name":"(anonymous_17)","decl":{"start":{"line":94,"column":15},"end":{"line":94,"column":16}},"loc":{"start":{"line":94,"column":21},"end":{"line":94,"column":41}},"line":94},"18":{"name":"(anonymous_18)","decl":{"start":{"line":95,"column":15},"end":
[...]
:8},"end":{"line":20,"column":41}},"17":{"start":{"line":21,"column":8},"end":{"line":21,"column":21}},"18":{"start":{"line":22,"column":8},"end":{"line":22,"column":19}},"19":{"start":{"line":23,"column":8},"end":{"line":23,"column":18}},"20":{"start":{"line":24,"column":8},"end":{"line":24,"column":34}},"21":{"start":{"line":25,"column":8},"end":{"line":25,"column":61}},"22":{"start":{"line":27,"column":8},"end":{"line":27,"column":34}},"23":{"start":{"line":28,"column":8},"end":{"line":28,"column":40}},"24":{"start":{"line":29,"column":8},"end":{"line":29,"column":45}},"25":{"start":{"line":30,"column":8},"end":{"line":30,"column":42}},"26":{"start":{"line":31,"column":8},"end":{"line":31,"column":42}},"27":{"start":{"line":32,"column":8},"end":{"line":32,"column":22}},"28":{"start":{"line":33,"column":8},"end":{"line":33,"column":20}},"29":{"start":{"line":34,"column":8},"end":{"line":34,"column":19}},"30":{"start":{"line":35,"column":8},"end":{"line":35,"column":35}},"31":{"start":{"line":36,"column":8},"end":{"line":36,"column":65}},"32":{"start":{"line":38,"column":8},"end":{"line":38,"column":45}},"33":{"start":{"line":39,"column":8},"end":{"line":39,"column":53}},"34":{"start":{"line":41,"column":8},"end":{"line":41,"column":35}},"35":{"start":{"line":42,"column":8},"end":{"line":42,"column":33}},"36":{"start":{"line":43,"column":8},"end":{"line":43,"column":44}},"37":{"start":{"line":44,"column":8},"end":{"line":44,"column":47}},"38":{"start":{"line":46,"column":8},"end":{"line":46,"column":65}},"39":{"start":{"line":48,"column":21},"end":{"line":48,"column":117}},"40":{"start":{"line":49,"column":23},"end":{"line":49,"column":155}},"41":{"start":{"line":50,"column":24},"end":{"line":50,"column":156}},"42":{"start":{"line":52,"column":8},"end":{"line":52,"column":20}},"43":{"start":{"line":54,"column":8},"end":{"line":54,"column":28}},"44":{"start":{"line":55,"column":8},"end":{"line":55,"column":30}},"45":{"start":{"line":57,"column":8},"end":{"line":57,"column":37}},"46":{"start":{"line":59,"column":8},"end":{"line":59,"column":46}},"47":{"start":{"line":60,"column":8},"end":{"line":60,"column":47}},"48":{"start":{"line":62,"column":8},"end":{"line":62,"column":25}},"49":{"start":{"line":64,"column":21},"end":{"line":64,"column":82}},"50":{"start":{"line":66,"column":8},"end":{"line":66,"column":25}},"51":{"start":{"line":68,"column":8},"end":{"line":68,"column":32}},"52":{"start":{"line":71,"column":4},"end":{"line":85,"column":6}},"53":{"start":{"line":72,"column":26},"end":{"line":72,"column":63}},"54":{"start":{"line":74,"column":21},"end":{"line":74,"column":66}},"55":{"start":{"line":76,"column":8},"end":{"line":84,"column":10}},"56":{"start":{"line":77,"column":12},"end":{"line":83,"column":13}},"57":{"start":{"line":78,"column":16},"end":{"line":78,"column":40}},"58":{"start":{"line":79,"column":16},"end":{"line":79,"column":54}},"59":{"start":{"line":80,"column":16},"end":{"line":80,"column":66}},"60":{"start":{"line":81,"column":16},"end":{"line":81,"column":64}},"61":{"start":{"line":82,"column":16},"end":{"line":82,"column":56}},"62":{"start":{"line":87,"column":4},"end":{"line":99,"column":6}},"63":{"start":{"line":88,"column":23},"end":{"line":88,"column":44}},"64":{"start":{"line":89,"column":8},"end":{"line":98,"column":9}},"65":{"start":{"line":90,"column":12},"end":{"line":90,"column":47}},"66":{"start":{"line":92,"column":12},"end":{"line":92,"column":54}},"67":{"start":{"line":95,"column":12},"end":{"line":95,"column":34}},"68":{"start":{"line":96,"column":12},"end":{"line":96,"column":60}},"69":{"start":{"line":97,"column":12},"end":{"line":97,"column":78}},"70":{"start":{"line":102,"column":4},"end":{"line":114,"column":6}},"71":{"start":{"line":103,"column":23},"end":{"line":103,"column":44}},"72":{"start":{"line":104,"column":8},"end":{"line":113,"column":9}},"73":{"start":{"line":105,"column":12},"end":{"line":105,"column":53}},"74":{"start":{"line":107,"column":12},"end":{"line":107,"column":54}},"75":{"start":{"line":110,"column":12},"end":{"line":110,"column":34}},"76":{"start":{"line":111,"column":12},"end":{"line":111,"column":60}},"77":{"start":{"line":112,"column":12},"end":{"line":112,"column":78}},"78":{"start":{"line":117,"column":4},"end":{"line":151,"column":6}},"79":{"start":{"line":118,"column":24},"end":{"line":118,"column":34}},"80":{"start":{"line":120,"column":8},"end":{"line":120,"column":77}},"81":{"start":{"line":120,"column":21},"end":{"line":120,"column":35}},"82":{"start":{"line":121,"column":8},"end":{"line":121,"column":83}},"83":{"start":{"line":121,"column":21},"end":{"line":121,"column":38}},"84":{"start":{"line":122,"column":8},"end":{"line":122,"column":77}},"85":{"start":{"line":122,"column":21},"end":{"line":122,"column":36}},"86":{"start":{"line":123,"column":8},"end":{"line":123,"column":92}},"87":{"start":{"line":123,"column":21},"end":{"line":123,"column":36}},"88":{"start":{"line":124,"column":8},"end":{"line":124,"column":93}},"89":{"start":{"line":124,"column":21},"end":{"line":124,"column":43}},"90":{"start":{"line":125,"column":8},"end":{"line":125,"column":83}},"91":{"start":{"line":125,"column":21},"end":{"line":125,"column":38}},"92":{"start":{"line":127,"column":8},"end":{"line":127,"column":88}},"93":{"start":{"line":127,"column":21},"end":{"line":127,"column":36}},"94":{"start":{"line":128,"column":8},"end":{"line":128,"column":93}},"95":{"start":{"line":128,"column":21},"end":{"line":128,"column":41}},"96":{"start":{"line":129,"column":8},"end":{"line":129,"column":98}},"97":{"start":{"line":129,"column":21},"end":{"line":129,"column":41}},"98":{"start":{"line":131,"column":8},"end":{"line":131,"column":87}},"99":{"start":{"line":131,"column":21},"end":{"line":131,"column":45}},"100":{"start":{"line":132,"column":8},"end":{"line":132,"column":93}},"101":{"start":{"line":132,"column":21},"end":{"line":132,"column":48}},"102":{"start":{"line":133,"column":8},"end":{"line":133,"column":87}},"103":{"start":{"line":133,"column":21},"end":{"line":133,"column":46}},"104":{"start":{"line":134,"column":8},"end":{"line":134,"column":102}},"105":{"start":{"line":134,"column":21},"end":{"line":134,"column":46}},"106":{"start":{"line":135,"column":8},"end":{"line":135,"column":103}},"107":{"start":{"line":135,"column":21},"end":{"line":135,"column":53}},"108":{"start":{"line":136,"column":8},"end":{"line":136,"column":93}},"109":{"start":{"line":136,"column":21},"end":{"line":136,"column":48}},"110":{"start":{"line":138,"column":8},"end":{"line":138,"column":94}},"111":{"start":{"line":138,"column":21},"end":{"line":138,"column":46}},"112":{"start":{"line":139,"column":8},"end":{"line":139,"column":99}},"113":{"start":{"line":139,"column":21},"end":{"line":139,"column":51}},"114":{"start":{"line":140,"column":8},"end":{"line":140,"column":108}},"115":{"start":{"line":140,"column":21},"end":{"line":140,"column":51}},"116":{"start":{"line":142,"column":8},"end":{"line":142,"column":91}},"117":{"start":{"line":142,"column":21},"end":{"line":142,"column":49}},"118":{"start":{"line":143,"column":8},"end":{"line":143,"column":97}},"119":{"start":{"line":143,"column":21},"end":{"line":143,"column":52}},"120":{"start":{"line":144,"column":8},"end":{"line":144,"column":91}},"121":{"start":{"line":144,"column":21},"end":{"line":144,"column":50}},"122":{"start":{"line":145,"column":8},"end":{"line":145,"column":106}},"123":{"start":{"line":145,"column":21},"end":{"line":145,"column":50}},"124":{"start":{"line":146,"column":8},"end":{"line":146,"column":107}},"125":{"start":{"line":146,"column":21},"end":{"line":146,"column":57}},"126":{"start":{"line":147,"column":8},"end":{"line":147,"column":97}},"127":{"start":{"line":147,"column":21},"end":{"line":147,"column":52}},"128":{"start":{"line":149,"column":8},"end":{"line":149,"column":100}},"129":{"start":{"line":149,"column":21},"end":{"line":149,"column":50}},"130":{"start":{"line":150,"column":8},"end":{"line":150,"column":105}},"131":{"start":{"line":150,"column":21},"end":{"line":150,"column":55}},"132":{"start":{"line":153,"column":4},"end":{"line":153,"column":94}},"133":{"start":{"line":153,"column":16},"end":{"line":153,"column":93}}},"fnMap":{"0":{"name":"(anonymous_0)","decl":{"start":{"line":10,"column":32},"end":{"line":10,"column":33}},"loc":{"start":{"line":10,"column":38},"end":{"line":155,"column":1}},"line":10},"1":{"name":"(anonymous_1)","decl":{"start":{"line":11,"column":11},"end":{"line":11,"column":12}},"loc":{"start":{"line":11,"column":17},"end":{"line":11,"column":46}},"line":11},"2":{"name":"(anonymous_2)","decl":{"start":{"line":15,"column":15},"end":{"line":15,"column":16}},"loc":{"start":{"line":15,"column":27},"end":{"line":69,"column":5}},"line":15},"3":{"name":"(anonymous_3)","decl":{"start":{"line":71,"column":39},"end":{"line":71,"column":40}},"loc":{"start":{"line":71,"column":50},"end":{"line":85,"column":5}},"line":71},"4":{"name":"(anonymous_4)","decl":{"start":{"line":76,"column":29},"end":{"line":76,"column":30}},"loc":{"start":{"line":76,"column":40},"end":{"line":84,"column":9}},"line":76},"5":{"name":"(anonymous_5)","decl":{"start":{"line":87,"column":66},"end":{"line":87,"column":67}},"loc":{"start":{"line":87,"column":77},"end":{"line":99,"column":5}},"line":87},"6":{"name":"(anonymous_6)","decl":{"start":{"line":102,"column":66},"end":{"line":102,"column":67}},"loc":{"start":{"line":102,"column":77},"end":{"line":114,"column":5}},"line":102},"7":{"name":"(anonymous_7)","decl":{"start":{"line":117,"column":56},"end":{"line":117,"column":57}},"loc":{"start":{"line":117,"column":62},"end":{"line":151,"column":5}},"line":117},"8":{"name":"(anonymous_8)","decl":{"start":{"line":120,"column":15},"end":{"line":120,"column":16}},"loc":{"start":{"line":120,"column":21},"end":{"line":120,"column":35}},"line":120},"9":{"name":"(anonymous_9)","decl":{"start":{"line":121,"column":15},"end":{"line":121,"column":16}},"loc":{"start":{"line":121,"column":21},"end":{"line":121,"column":38}},"line":121},"10":{"name":"(anonymous_10)","decl":{"start":{"line":122,"column":15},"end":{"line":122,"column":16}},"loc":{"start":{"line":122,"column":21},"end":{"line":122,"column":36}},"line":122},"11":{"name":"(anonymous_11)","decl":{"start":{"line":123,"column":15},"end":{"line":123,"column":16}},"loc":{"start":{"line":123,"column":21},"end":{"line":123,"column":36}},"line":123},"12":{"name":"(anonymous_12)","decl":{"start":{"line":124,"column":15},"end":{"line":124,"column":16}},"loc":{"start":{"line":124,"column":21},"end":{"line":124,"column":43}},"line":124},"13":{"name":"(anonymous_13)","decl":{"start":{"line":125,"column":15},"end":{"line":125,"column":16}},"loc":{"start":{"line":125,"column":21},"end":{"line":125,"column":38}},"line":125},"14":{"name":"(anonymous_14)","decl":{"start":{"line":127,"column":15},"end":{"line":127,"column":16}},"loc":{"start":{"line":127,"column":21},"end":{"line":127,"column":36}},"line":127},"15":{"name":"(anonymous_15)","decl":{"start":{"line":128,"column":15},"end":{"line":128,"column":16}},"loc":{"start":{"line":128,"column":21},"end":{"line":128,"column":41}},"line":128},"16":{"name":"(anonymous_16)","decl":{"start":{"line":129,"column":15},"end":{"line":129,"column":16}},"loc":{"start":{"line":129,"column":21},"end":{"line":129,"column":41}},"line":129},"17":{"name":"(anonymous_17)","decl":{"start":{"line":131,"column":15},"end":{"line":131,"column":16}},"loc":{"start":{"line":131,"column":21},"end":{"line":131,"column":45}},"line":131},"18":{"name":"(anonymous_18)","decl":{"start":{"line":132,"column":15},"end":{"line":132,"column":16}},"loc":{"start":{"line":132,"column":21},"end":{"line":132,"column":48}},"line":132},"19":{"name":"(anonymous_19)","decl":{"start":{"line":133,"column":15},"end":{"line":133,"column":16}},"loc":{"start":{"line":133,"column":21},"end":{"line":133,"column":46}},"line":133},"20":{"name":"(anonymous_20)","decl":{"start":{"line":134,"column":15},"end":{"line":134,"column":16}},"loc":{"start":{"line":134,"column":21},"end":{"line":134,"column":46}},"line":134},"21":{"name":"(anonymous_21)","decl":{"start":{"line":135,"column":15},"end":{"line":135,"column":16}},"loc":{"start":{"line":135,"column":21},"end":{"line":135,"column":53}},"line":135},"22":{"name":"(anonymous_22)","decl":{"start":{"line":136,"column":15},"end":{"line":136,"column":16}},"loc":{"start":{"line":136,"column":21},"end":{"line":136,"column":48}},"line":136},"23":{"name":"(anonymous_23)","decl":{"start":{"line":138,"column":15},"end":{"line":138,"column":16}},"loc":{"start":{"line":138,"column":21},"end":{"line":138,"column":46}},"line":138},"24":{"name":"(anonymous_24)","decl":{"start":{"line":139,"column":15},"end":{"line":139,"column":16}},"loc":{"start":{"line":139,"column":21},"end":{"line":139,"column":51}},"line":139},"25":{"name":"(anonymous_25)","decl":{"start":{"line":140,"column":15},"end":{"line":140,"column":16}},"loc":{"start":{"line":140,"column":21},"end":{"line":140,"column":51}},"line":140},"26":{"name":"(anonymous_26)","decl":{"start":{"line":142,"column":15},"end":{"line":142,"column":16}},"loc":{"start":{"line":142,"column":21},"end":{"line":142,"column":49}},"line":142},"27":{"name":"(anonymous_27)","decl":{"start":{"line":143,"column":15},"end":{"line":143,"column":16}},"loc":{"start":{"line":143,"column":21},"end":{"line":143,"column":52}},"line":143},"28":{"name":"(anonymous_28)","decl":{"start":{"line":144,"column":15},"end":{"line":144,"column":16}},"loc":{"start":{"line":144,"column":21},"end":{"line":144,"column":50}},"line":144},"29":{"name":"(anonymous_29)","decl":{"start":{"line":145,"column":15},"end":{"line":145,"column":16}},"loc":{"start":{"line":145,"column":21},"end":{"line":145,"column":50}},"line":145},"30":{"name":"(anonymous_30)","decl":{"start":{"line":146,"column":15},"end":{"line":146,"column":16}},"loc":{"start":{"line":146,"column":21},"end":{"line":146,"column":57}},"line":146},"31":{"name":"(anonymous_31)","decl":{"start":{"line":147,"column":15},"end":{"line":147,"column":16}},"loc":{"start":{"line":147,"column":21},"end":{"line":147,"column":52}},"line":147},"32":{"name":"(anonymous_32)","decl":{"start":{"line":149,"column":15},"end":{"line":149,"column":16}},"loc":{"start":{"line":149,"column":21},"end":{"line":149,"column":50}},"line":149},"33":{"name":"(anonymous_33)","decl":{"start":{"line":150,"column":15},"end":{"line":150,"column":16}},"loc":{"start":{"line":150,"column":21},"end":{"line":150,"column":55}},"line":150},"34":{"name":"(anonymous_34)","decl":{"start":{"line":153,"column":10},"end":{"line":153,"column":11}},"loc":{"start":{"line":153,"column":16},"end":{"line":153,"column":93}},"line":153}},"branchMap":{"0":{"loc":{"start":{"line":77,"column":12},"end":{"line":83,"column":13}},"type":"if","locations":[{"start":{"line":77,"column":12},"end":{"line":83,"column":13}},{"start":{"line":77,"column":12},"end":{"line":83,"column":13}}],"line":77}},"s":{"0":1,"1":1,"2":1,"3":1,"4":1,"5":1,"6":1,"7":1,"8":1,"9":1,"10":0,"11":1,"12":0,"13":0,"14":0,"15":0,"16":0,"17":0,"18":0,"19":0,"20":0,"21":0,"22":0,"23":0,"24":0,"25":0,"26":0,"27":0,"28":0,"29":0,"30":0,"31":0,"32":0,"33":0,"34":0,"35":0,"36":0,"37":0,"38":0,"39":0,"40":0,"41":0,"42":0,"43":0,"44":0,"45":0,"46":0,"47":0,"48":0,"49":0,"50":0,"51":0,"52":1,"53":0,"54":0,"55":0,"56":0,"57":0,"58":0,"59":0,"60":0,"61":0,"62":1,"63":0,"64":0,"65":0,"66":0,"67":0,"68":0,"69":0,"70":1,"71":0,"72":0,"73":0,"74":0,"75":0,"76":0,"77":0,"78":1,"79":0,"80":0,"81":0,"82":0,"83":0,"84":0,"85":0,"86":0,"87":0,"88":0,"89":0,"90":0,"91":0,"92":0,"93":0,"94":0,"95":0,"96":0,"97":0,"98":0,"99":0,"100":0,"101":0,"102":0,"103":0,"104":0,"105":0,"106":0,"107":0,"108":0,"109":0,"110":0,"111":0,"112":0,"113":0,"114":0,"115":0,"116":0,"117":0,"118":0,"119":0,"120":0,"121":0,"122":0,"123":0,"124":0,"125":0,"126":0,"127":0,"128":0,"129":0,"130":0,"131":0,"132":1,"133":0},"f":{"0":1,"1":0,"2":0,"3":0,"4":0,"5":0,"6":0,"7":0,"8":0,"9":0,"10":0,"11":0,"12":0,"13":0,"14":0,"15":0,"16":0,"17":0,"18":0,"19":0,"20":0,"21":0,"22":0,"23":0,"24":0,"25":0,"26":0,"27":0,"28":0,"29":0,"30":0,"31":0,"32":0,"33":0,"34":0},"b":{"0":[0,0]},"_coverageSchema":"43e27e138ebf9cfc5966b082cf9a028302ed4184","hash":"43a05d067aed2e1293f678653cb9fbdb302bfa46","contentHash":"9a61eaaf747c1d4ad2a2098412e2cd41c5fc417edfdb911f3a57c76234e618f0"},"/home/marta/bootcamp/collab/skylab-bootcamp-201909/staff/marta-penya/wishare/wishare-api/logic/send-message/index.js":{"path":"/home/marta/bootcamp/collab/skylab-bootcamp-201909/staff/marta-penya/wishare/wishare-api/logic/send-message/index.js","statementMap":{"0":{"start":{"line":1,"column":54},"end":{"line":1,"column":77}},"1":{"start":{"line":2,"column":62},"end":{"line":2,"column":85}},"2":{"start":{"line":5,"column":0},"end":{"line":31,"column":1}},"3":{"start":{"line":6,"column":4},"end":{"line":6,"column":27}},"4":{"start":{"line":7,"column":4},"end":{"line":7,"column":45}},"5":{"start":{"line":8,"column":4},"end":{"line":8,"column":88}},"6":{"start":{"line":8,"column":35},"end":{"line":8,"column":88}},"7":{"start":{"line":10,"column":4},"end":{"line":10,"column":23}},"8":{"start":{"line":11,"column":4},"end":{"line":11,"column":37}},"9":{"start":{"line":12,"column":4},"end":{"line":12,"column":80}},"10":{"start":{"line":12,"column":31},"end":{"line":12,"column":80}},"11":{"start":{"line":14,"column":4},"end":{"line":14,"column":25}},"12":{"start":{"line":15,"column":4},"end":{"line":15,"column":41}},"13":{"start":{"line":17,"column":4},"end":{"line":30,"column":8}},"14":{"start":{"line":19,"column":21},"end":{"line":19,"column":48}},"15":{"start":{"line":20,"column":8},"end":{"line":20,"column":78}},"16":{"start":{"line":20,"column":19},"end":{"line":20,"column":78}},"17":{"start":{"line":22,"column":21},"end":{"line":22,"column":66}},"18":{"start":{"line":23,"column":8},"end":{"line":23,"column":74}},"19":{"start":{"line":23,"column":19},"end":{"line":23,"column":74}},"20":{"start":{"line":25,"column":27},"end":{"line":25,"column":78}},"21":{"start":{"line":26,"column":8},"end":{"line":26,"column":37}},"22":{"start":{"line":27,"column":8},"end":{"line":27,"column":25}},"23":{"start":{"line":29,"column":8},"end":{"line":29,"column":28}}},"fnMap":{"0":{"name":"(anonymous_0)","decl":{"start":{"line":5,"column":17},"end":{"line":5,"column":18}},"loc":{"start":{"line":5,"column":44},"end":{"line":31,"column":1}},"line":5},"1":{"name":"(anonymous_1)","decl":{"start":{"line":17,"column":12},"end":{"line":17,"column":13}},"loc":{"start":{"line":17,"column":23},"end":{"line":30,"column":5}},"line":17}},"branchMap":{"0":{"loc":{"start":{"line":8,"column":4},"end":{"line":8,"column":88}},"type":"if","locations":[{"start":{"line":8,"column":4},"end":{"line":8,"column":88}},{"start":{"line":8,"column":4},"end":{"line":8,"column":88}}],"line":8},"1":{"loc":{"start":{"line":12,"column":4},"end":{"line":12,"column":80}},"type":"if","locations":[{"start":{"line":12,"column":4},"end":{"line":12,"column":80}},{"start":{"line":12,"column":4},"end":{"line":12,"column":80}}],"line":12},"2":{"loc":{"start":{"line":20,"column":8},"end":{"line":20,"column":78}},"type":"if","locations":[{"start":{"line":20,"column":8},"end":{"line":20,"column":78}},{"start":{"line":20,"column":8},"end":{"line":20,"column":78}}],"line":20},"3":{"loc":{"start":{"line":23,"column":8},"end":{"line":23,"column":74}},"type":"if","locations":[{"start":{"line":23,"column":8},"end":{"line":23,"column":74}},{"start":{"line":23,"column":8},"end":{"line":23,"column":74}}],"line":23}},"s":{"0":1,"1":1,"2":1,"3":0,"4":0,"5":0,"6":0,"7":0,"8":0,"9":0,"10":0,"11":0,"12":0,"13":0,"14":0,"15":0,"16":0,"17":0,"18":0,"19":0,"20":0,"21":0,"22":0,"23":0},"f":{"0":0,"1":0},"b":{"0":[0,0],"1":[0,0],"2":[0,0],"3":[0,0]},"_coverageSchema":"43e27e138ebf9cfc5966b082cf9a028302ed4184","hash":"eca4496c2de1c99b278774124b6a841497f28b05","contentHash":"2e1af3956006a5760a7d537ce97ba9a2b64ecf879fdf802d9be1aa2c5de874ee"}}